{"/home/travis/build/npmtest/node-npmtest-synaptic/test.js":{"path":"/home/travis/build/npmtest/node-npmtest-synaptic/test.js","s":{"1":2,"2":2,"3":2,"4":2,"5":2,"6":2,"7":2,"8":1,"9":2,"10":2,"11":1,"12":1,"13":1,"14":1,"15":2,"16":2,"17":2,"18":2,"19":1,"20":1,"21":2,"22":2,"23":2,"24":1,"25":1,"26":1,"27":1,"28":1,"29":1,"30":1,"31":1,"32":1,"33":1,"34":1,"35":1,"36":1,"37":2,"38":2,"39":1,"40":2,"41":2,"42":1,"43":2,"44":2,"45":1,"46":2,"47":2,"48":1,"49":1,"50":1,"51":1,"52":1},"b":{"1":[2,1,1,1],"2":[1,1,1,1],"3":[1,1],"4":[1,1],"5":[1,1],"6":[1,1],"7":[1,1],"8":[1,1],"9":[1,1,1],"10":[1,1],"11":[1,1],"12":[1,1],"13":[1,1],"14":[1,1],"15":[1,1],"16":[1,1]},"f":{"1":2,"2":2,"3":2,"4":2,"5":2,"6":1,"7":1,"8":2,"9":2,"10":2,"11":2,"12":1},"fnMap":{"1":{"name":"(anonymous_1)","line":12,"loc":{"start":{"line":12,"column":1},"end":{"line":12,"column":13}}},"2":{"name":"(anonymous_2)","line":19,"loc":{"start":{"line":19,"column":5},"end":{"line":19,"column":17}}},"3":{"name":"(anonymous_3)","line":23,"loc":{"start":{"line":23,"column":24},"end":{"line":23,"column":36}}},"4":{"name":"(anonymous_4)","line":61,"loc":{"start":{"line":61,"column":5},"end":{"line":61,"column":17}}},"5":{"name":"(anonymous_5)","line":82,"loc":{"start":{"line":82,"column":5},"end":{"line":82,"column":17}}},"6":{"name":"(anonymous_6)","line":102,"loc":{"start":{"line":102,"column":83},"end":{"line":105,"column":10}},"skip":true},"7":{"name":"(anonymous_7)","line":113,"loc":{"start":{"line":113,"column":77},"end":{"line":116,"column":10}},"skip":true},"8":{"name":"(anonymous_8)","line":129,"loc":{"start":{"line":129,"column":12},"end":{"line":129,"column":40}},"skip":true},"9":{"name":"(anonymous_9)","line":137,"loc":{"start":{"line":137,"column":77},"end":{"line":140,"column":10}},"skip":true},"10":{"name":"(anonymous_10)","line":148,"loc":{"start":{"line":148,"column":83},"end":{"line":151,"column":10}},"skip":true},"11":{"name":"(anonymous_11)","line":159,"loc":{"start":{"line":159,"column":79},"end":{"line":162,"column":10}},"skip":true},"12":{"name":"(anonymous_12)","line":170,"loc":{"start":{"line":170,"column":75},"end":{"line":173,"column":10}},"skip":true}},"statementMap":{"1":{"start":{"line":12,"column":0},"end":{"line":185,"column":5}},"2":{"start":{"line":14,"column":4},"end":{"line":14,"column":14}},"3":{"start":{"line":19,"column":4},"end":{"line":56,"column":9}},"4":{"start":{"line":21,"column":8},"end":{"line":21,"column":19}},"5":{"start":{"line":23,"column":8},"end":{"line":35,"column":13}},"6":{"start":{"line":24,"column":12},"end":{"line":34,"column":13}},"7":{"start":{"line":25,"column":16},"end":{"line":28,"column":30}},"8":{"start":{"line":30,"column":16},"end":{"line":33,"column":27}},"9":{"start":{"line":37,"column":8},"end":{"line":39,"column":21}},"10":{"start":{"line":40,"column":8},"end":{"line":53,"column":9}},"11":{"start":{"line":43,"column":12},"end":{"line":46,"column":14}},"12":{"start":{"line":47,"column":12},"end":{"line":47,"column":18}},"13":{"start":{"line":50,"column":12},"end":{"line":51,"column":46}},"14":{"start":{"line":52,"column":12},"end":{"line":52,"column":18}},"15":{"start":{"line":55,"column":8},"end":{"line":55,"column":35}},"16":{"start":{"line":61,"column":4},"end":{"line":63,"column":9}},"17":{"start":{"line":62,"column":8},"end":{"line":62,"column":15}},"18":{"start":{"line":64,"column":4},"end":{"line":77,"column":5}},"19":{"start":{"line":70,"column":8},"end":{"line":70,"column":14}},"20":{"start":{"line":76,"column":8},"end":{"line":76,"column":14}},"21":{"start":{"line":82,"column":4},"end":{"line":84,"column":9}},"22":{"start":{"line":83,"column":8},"end":{"line":83,"column":15}},"23":{"start":{"line":85,"column":4},"end":{"line":184,"column":5}},"24":{"start":{"line":92,"column":8},"end":{"line":94,"column":63}},"25":{"start":{"line":95,"column":8},"end":{"line":95,"column":14}},"26":{"start":{"line":102,"column":8},"end":{"line":111,"column":10},"skip":true},"27":{"start":{"line":109,"column":12},"end":{"line":109,"column":55},"skip":true},"28":{"start":{"line":110,"column":12},"end":{"line":110,"column":48},"skip":true},"29":{"start":{"line":113,"column":8},"end":{"line":126,"column":10},"skip":true},"30":{"start":{"line":120,"column":12},"end":{"line":120,"column":76},"skip":true},"31":{"start":{"line":121,"column":12},"end":{"line":121,"column":73},"skip":true},"32":{"start":{"line":122,"column":12},"end":{"line":122,"column":74},"skip":true},"33":{"start":{"line":123,"column":12},"end":{"line":123,"column":79},"skip":true},"34":{"start":{"line":124,"column":12},"end":{"line":124,"column":25},"skip":true},"35":{"start":{"line":125,"column":12},"end":{"line":125,"column":45},"skip":true},"36":{"start":{"line":128,"column":8},"end":{"line":135,"column":14},"skip":true},"37":{"start":{"line":133,"column":16},"end":{"line":133,"column":29},"skip":true},"38":{"start":{"line":134,"column":16},"end":{"line":134,"column":55},"skip":true},"39":{"start":{"line":137,"column":8},"end":{"line":146,"column":10},"skip":true},"40":{"start":{"line":144,"column":12},"end":{"line":144,"column":25},"skip":true},"41":{"start":{"line":145,"column":12},"end":{"line":145,"column":45},"skip":true},"42":{"start":{"line":148,"column":8},"end":{"line":157,"column":10},"skip":true},"43":{"start":{"line":155,"column":12},"end":{"line":155,"column":25},"skip":true},"44":{"start":{"line":156,"column":12},"end":{"line":156,"column":48},"skip":true},"45":{"start":{"line":159,"column":8},"end":{"line":168,"column":10},"skip":true},"46":{"start":{"line":166,"column":12},"end":{"line":166,"column":25},"skip":true},"47":{"start":{"line":167,"column":12},"end":{"line":167,"column":46},"skip":true},"48":{"start":{"line":170,"column":8},"end":{"line":179,"column":10},"skip":true},"49":{"start":{"line":177,"column":12},"end":{"line":177,"column":94},"skip":true},"50":{"start":{"line":178,"column":12},"end":{"line":178,"column":48},"skip":true},"51":{"start":{"line":182,"column":8},"end":{"line":182,"column":35},"skip":true},"52":{"start":{"line":183,"column":8},"end":{"line":183,"column":14},"skip":true}},"branchMap":{"1":{"line":25,"type":"binary-expr","locations":[{"start":{"line":25,"column":23},"end":{"line":25,"column":62}},{"start":{"line":26,"column":20},"end":{"line":26,"column":70}},{"start":{"line":27,"column":20},"end":{"line":27,"column":71}},{"start":{"line":28,"column":20},"end":{"line":28,"column":29}}]},"2":{"line":30,"type":"binary-expr","locations":[{"start":{"line":30,"column":23},"end":{"line":30,"column":37}},{"start":{"line":31,"column":20},"end":{"line":31,"column":61}},{"start":{"line":32,"column":20},"end":{"line":32,"column":70}},{"start":{"line":33,"column":20},"end":{"line":33,"column":26}}]},"3":{"line":37,"type":"cond-expr","locations":[{"start":{"line":38,"column":14},"end":{"line":38,"column":20}},{"start":{"line":39,"column":14},"end":{"line":39,"column":20}}]},"4":{"line":40,"type":"switch","locations":[{"start":{"line":42,"column":8},"end":{"line":47,"column":18}},{"start":{"line":49,"column":8},"end":{"line":52,"column":18}}]},"5":{"line":44,"type":"binary-expr","locations":[{"start":{"line":44,"column":16},"end":{"line":44,"column":44}},{"start":{"line":44,"column":48},"end":{"line":44,"column":66}}]},"6":{"line":50,"type":"binary-expr","locations":[{"start":{"line":50,"column":21},"end":{"line":50,"column":49}},{"start":{"line":50,"column":53},"end":{"line":50,"column":72}}]},"7":{"line":64,"type":"switch","locations":[{"start":{"line":69,"column":4},"end":{"line":70,"column":14}},{"start":{"line":75,"column":4},"end":{"line":76,"column":14}}]},"8":{"line":85,"type":"switch","locations":[{"start":{"line":90,"column":4},"end":{"line":95,"column":14}},{"start":{"line":101,"column":4},"end":{"line":183,"column":14},"skip":true}]},"9":{"line":92,"type":"binary-expr","locations":[{"start":{"line":92,"column":18},"end":{"line":92,"column":32}},{"start":{"line":93,"column":12},"end":{"line":93,"column":53}},{"start":{"line":94,"column":12},"end":{"line":94,"column":61}}]},"10":{"line":102,"type":"binary-expr","locations":[{"start":{"line":102,"column":45},"end":{"line":102,"column":79},"skip":true},{"start":{"line":102,"column":83},"end":{"line":111,"column":9},"skip":true}]},"11":{"line":113,"type":"binary-expr","locations":[{"start":{"line":113,"column":42},"end":{"line":113,"column":73},"skip":true},{"start":{"line":113,"column":77},"end":{"line":126,"column":9},"skip":true}]},"12":{"line":128,"type":"binary-expr","locations":[{"start":{"line":128,"column":48},"end":{"line":128,"column":85},"skip":true},{"start":{"line":129,"column":12},"end":{"line":135,"column":13},"skip":true}]},"13":{"line":137,"type":"binary-expr","locations":[{"start":{"line":137,"column":42},"end":{"line":137,"column":73},"skip":true},{"start":{"line":137,"column":77},"end":{"line":146,"column":9},"skip":true}]},"14":{"line":148,"type":"binary-expr","locations":[{"start":{"line":148,"column":45},"end":{"line":148,"column":79},"skip":true},{"start":{"line":148,"column":83},"end":{"line":157,"column":9},"skip":true}]},"15":{"line":159,"type":"binary-expr","locations":[{"start":{"line":159,"column":43},"end":{"line":159,"column":75},"skip":true},{"start":{"line":159,"column":79},"end":{"line":168,"column":9},"skip":true}]},"16":{"line":170,"type":"binary-expr","locations":[{"start":{"line":170,"column":41},"end":{"line":170,"column":71},"skip":true},{"start":{"line":170,"column":75},"end":{"line":179,"column":9},"skip":true}]}},"code":["/* istanbul instrument in package npmtest_synaptic */","/*jslint","    bitwise: true,","    browser: true,","    maxerr: 8,","    maxlen: 96,","    node: true,","    nomen: true,","    regexp: true,","    stupid: true","*/","(function () {","    'use strict';","    var local;","","","","    // run shared js-env code - pre-init","    (function () {","        // init local","        local = {};","        // init modeJs","        local.modeJs = (function () {","            try {","                return typeof navigator.userAgent === 'string' &&","                    typeof document.querySelector('body') === 'object' &&","                    typeof XMLHttpRequest.prototype.open === 'function' &&","                    'browser';","            } catch (errorCaughtBrowser) {","                return module.exports &&","                    typeof process.versions.node === 'string' &&","                    typeof require('http').createServer === 'function' &&","                    'node';","            }","        }());","        // init global","        local.global = local.modeJs === 'browser'","            ? window","            : global;","        switch (local.modeJs) {","        // re-init local from window.local","        case 'browser':","            local = local.global.utility2.objectSetDefault(","                local.global.utility2_rollup || local.global.local,","                local.global.utility2","            );","            break;","        // re-init local from example.js","        case 'node':","            local = (local.global.utility2_rollup || require('utility2'))","                .requireExampleJsFromReadme();","            break;","        }","        // export local","        local.global.local = local;","    }());","","","","    // run shared js-env code - function","    (function () {","        return;","    }());","    switch (local.modeJs) {","","","","    // run browser js-env code - function","    case 'browser':","        break;","","","","    // run node js-env code - function","    case 'node':","        break;","    }","","","","    // run shared js-env code - post-init","    (function () {","        return;","    }());","    switch (local.modeJs) {","","","","    // run browser js-env code - post-init","    case 'browser':","        // run tests","        local.nop(local.modeTest &&","            document.querySelector('#testRunButton1') &&","            document.querySelector('#testRunButton1').click());","        break;","","","","    // run node js-env code - post-init","    /* istanbul ignore next */","    case 'node':","        local.testCase_buildApidoc_default = local.testCase_buildApidoc_default || function (","            options,","            onError","        ) {","        /*","         * this function will test buildApidoc's default handling-behavior-behavior","         */","            options = { modulePathList: module.paths };","            local.buildApidoc(options, onError);","        };","","        local.testCase_buildApp_default = local.testCase_buildApp_default || function (","            options,","            onError","        ) {","        /*","         * this function will test buildApp's default handling-behavior-behavior","         */","            local.testCase_buildReadme_default(options, local.onErrorThrow);","            local.testCase_buildLib_default(options, local.onErrorThrow);","            local.testCase_buildTest_default(options, local.onErrorThrow);","            local.testCase_buildCustomOrg_default(options, local.onErrorThrow);","            options = [];","            local.buildApp(options, onError);","        };","","        local.testCase_buildCustomOrg_default = local.testCase_buildCustomOrg_default ||","            function (options, onError) {","            /*","             * this function will test buildCustomOrg's default handling-behavior","             */","                options = {};","                local.buildCustomOrg(options, onError);","            };","","        local.testCase_buildLib_default = local.testCase_buildLib_default || function (","            options,","            onError","        ) {","        /*","         * this function will test buildLib's default handling-behavior","         */","            options = {};","            local.buildLib(options, onError);","        };","","        local.testCase_buildReadme_default = local.testCase_buildReadme_default || function (","            options,","            onError","        ) {","        /*","         * this function will test buildReadme's default handling-behavior-behavior","         */","            options = {};","            local.buildReadme(options, onError);","        };","","        local.testCase_buildTest_default = local.testCase_buildTest_default || function (","            options,","            onError","        ) {","        /*","         * this function will test buildTest's default handling-behavior","         */","            options = {};","            local.buildTest(options, onError);","        };","","        local.testCase_webpage_default = local.testCase_webpage_default || function (","            options,","            onError","        ) {","        /*","         * this function will test webpage's default handling-behavior","         */","            options = { modeCoverageMerge: true, url: local.serverLocalHost + '?modeTest=1' };","            local.browserTest(options, onError);","        };","","        // run test-server","        local.testRunServer(local);","        break;","    }","}());",""],"l":{"12":2,"14":2,"19":2,"21":2,"23":2,"24":2,"25":2,"30":1,"37":2,"40":2,"43":1,"47":1,"50":1,"52":1,"55":2,"61":2,"62":2,"64":2,"70":1,"76":1,"82":2,"83":2,"85":2,"92":1,"95":1,"102":1,"109":1,"110":1,"113":1,"120":1,"121":1,"122":1,"123":1,"124":1,"125":1,"128":1,"133":2,"134":2,"137":1,"144":2,"145":2,"148":1,"155":2,"156":2,"159":1,"166":2,"167":2,"170":1,"177":1,"178":1,"182":1,"183":1}},"/home/travis/build/npmtest/node-npmtest-synaptic/lib.npmtest_synaptic.js":{"path":"/home/travis/build/npmtest/node-npmtest-synaptic/lib.npmtest_synaptic.js","s":{"1":2,"2":2,"3":2,"4":2,"5":2,"6":2,"7":2,"8":1,"9":2,"10":2,"11":2,"12":2,"13":1,"14":1,"15":1,"16":1},"b":{"1":[2,1,1,1],"2":[1,1,1,1],"3":[1,1],"4":[2,2],"5":[1,1]},"f":{"1":2,"2":2,"3":2},"fnMap":{"1":{"name":"(anonymous_1)","line":12,"loc":{"start":{"line":12,"column":1},"end":{"line":12,"column":13}}},"2":{"name":"(anonymous_2)","line":19,"loc":{"start":{"line":19,"column":5},"end":{"line":19,"column":17}}},"3":{"name":"(anonymous_3)","line":23,"loc":{"start":{"line":23,"column":24},"end":{"line":23,"column":36}}}},"statementMap":{"1":{"start":{"line":12,"column":0},"end":{"line":53,"column":5}},"2":{"start":{"line":14,"column":4},"end":{"line":14,"column":14}},"3":{"start":{"line":19,"column":4},"end":{"line":52,"column":9}},"4":{"start":{"line":21,"column":8},"end":{"line":21,"column":19}},"5":{"start":{"line":23,"column":8},"end":{"line":35,"column":13}},"6":{"start":{"line":24,"column":12},"end":{"line":34,"column":13}},"7":{"start":{"line":25,"column":16},"end":{"line":28,"column":30}},"8":{"start":{"line":30,"column":16},"end":{"line":33,"column":27}},"9":{"start":{"line":37,"column":8},"end":{"line":39,"column":21}},"10":{"start":{"line":41,"column":8},"end":{"line":41,"column":54}},"11":{"start":{"line":43,"column":8},"end":{"line":43,"column":53}},"12":{"start":{"line":45,"column":8},"end":{"line":51,"column":9}},"13":{"start":{"line":46,"column":12},"end":{"line":46,"column":59}},"14":{"start":{"line":48,"column":12},"end":{"line":48,"column":35}},"15":{"start":{"line":49,"column":12},"end":{"line":49,"column":49}},"16":{"start":{"line":50,"column":12},"end":{"line":50,"column":43}}},"branchMap":{"1":{"line":25,"type":"binary-expr","locations":[{"start":{"line":25,"column":23},"end":{"line":25,"column":62}},{"start":{"line":26,"column":20},"end":{"line":26,"column":70}},{"start":{"line":27,"column":20},"end":{"line":27,"column":71}},{"start":{"line":28,"column":20},"end":{"line":28,"column":29}}]},"2":{"line":30,"type":"binary-expr","locations":[{"start":{"line":30,"column":23},"end":{"line":30,"column":37}},{"start":{"line":31,"column":20},"end":{"line":31,"column":61}},{"start":{"line":32,"column":20},"end":{"line":32,"column":70}},{"start":{"line":33,"column":20},"end":{"line":33,"column":26}}]},"3":{"line":37,"type":"cond-expr","locations":[{"start":{"line":38,"column":14},"end":{"line":38,"column":20}},{"start":{"line":39,"column":14},"end":{"line":39,"column":20}}]},"4":{"line":41,"type":"binary-expr","locations":[{"start":{"line":41,"column":16},"end":{"line":41,"column":44}},{"start":{"line":41,"column":48},"end":{"line":41,"column":53}}]},"5":{"line":45,"type":"if","locations":[{"start":{"line":45,"column":8},"end":{"line":45,"column":8}},{"start":{"line":45,"column":8},"end":{"line":45,"column":8}}]}},"code":["/* istanbul instrument in package npmtest_synaptic */","/*jslint","    bitwise: true,","    browser: true,","    maxerr: 8,","    maxlen: 96,","    node: true,","    nomen: true,","    regexp: true,","    stupid: true","*/","(function () {","    'use strict';","    var local;","","","","    // run shared js-env code - pre-init","    (function () {","        // init local","        local = {};","        // init modeJs","        local.modeJs = (function () {","            try {","                return typeof navigator.userAgent === 'string' &&","                    typeof document.querySelector('body') === 'object' &&","                    typeof XMLHttpRequest.prototype.open === 'function' &&","                    'browser';","            } catch (errorCaughtBrowser) {","                return module.exports &&","                    typeof process.versions.node === 'string' &&","                    typeof require('http').createServer === 'function' &&","                    'node';","            }","        }());","        // init global","        local.global = local.modeJs === 'browser'","            ? window","            : global;","        // init utility2_rollup","        local = local.global.utility2_rollup || local;","        // init lib","        local.local = local.npmtest_synaptic = local;","        // init exports","        if (local.modeJs === 'browser') {","            local.global.utility2_npmtest_synaptic = local;","        } else {","            module.exports = local;","            module.exports.__dirname = __dirname;","            module.exports.module = module;","        }","    }());","}());",""],"l":{"12":2,"14":2,"19":2,"21":2,"23":2,"24":2,"25":2,"30":1,"37":2,"41":2,"43":2,"45":2,"46":1,"48":1,"49":1,"50":1}},"/home/travis/build/npmtest/node-npmtest-synaptic/example.js":{"path":"/home/travis/build/npmtest/node-npmtest-synaptic/example.js","s":{"1":2,"2":2,"3":2,"4":2,"5":2,"6":2,"7":2,"8":1,"9":2,"10":2,"11":2,"12":2,"13":1,"14":2,"15":2,"16":2,"17":2,"18":2,"19":0,"20":2,"21":1,"22":1,"23":1,"24":1,"25":1,"26":0,"27":0,"28":1,"29":1,"30":2,"31":0,"32":0,"33":0,"34":1,"35":2,"36":2,"37":2,"38":2,"39":2,"40":2,"41":0,"42":2,"43":2,"44":2,"45":1,"46":3,"47":1,"48":1,"49":1,"50":1,"51":1,"52":1,"53":1,"54":1,"55":1,"56":1,"57":0,"58":1,"59":6,"60":6,"61":1,"62":2,"63":0,"64":2,"65":1,"66":1,"67":0,"68":0,"69":0,"70":0,"71":0,"72":0,"73":0,"74":0,"75":0,"76":0,"77":0,"78":0,"79":0,"80":0,"81":0,"82":0,"83":0},"b":{"1":[2,1,1,1],"2":[1,1,1,1],"3":[1,1],"4":[2,2],"5":[1,1],"6":[1,1],"7":[2,0],"8":[2,1,1,1,1,1],"9":[0,2,0],"10":[1,1],"11":[2,1,1],"12":[1,0],"13":[0,2],"14":[2,0,0,0,0,0,0],"15":[0,2],"16":[2,0],"17":[1,1],"18":[0,1],"19":[1,2,0,2],"20":[1,0],"21":[1,1],"22":[0,0],"23":[0,0],"24":[0,0],"25":[0,0],"26":[0,0],"27":[0,0],"28":[0,0]},"f":{"1":2,"2":2,"3":2,"4":2,"5":2,"6":2,"7":2,"8":2,"9":3,"10":1,"11":6,"12":0},"fnMap":{"1":{"name":"(anonymous_1)","line":26,"loc":{"start":{"line":26,"column":1},"end":{"line":26,"column":13}}},"2":{"name":"(anonymous_2)","line":33,"loc":{"start":{"line":33,"column":5},"end":{"line":33,"column":17}}},"3":{"name":"(anonymous_3)","line":37,"loc":{"start":{"line":37,"column":24},"end":{"line":37,"column":36}}},"4":{"name":"(anonymous_4)","line":69,"loc":{"start":{"line":69,"column":31},"end":{"line":69,"column":48}},"skip":true},"5":{"name":"(anonymous_5)","line":78,"loc":{"start":{"line":78,"column":26},"end":{"line":78,"column":45}},"skip":true},"6":{"name":"(anonymous_6)","line":123,"loc":{"start":{"line":123,"column":33},"end":{"line":123,"column":48}},"skip":true},"7":{"name":"(anonymous_7)","line":125,"loc":{"start":{"line":125,"column":27},"end":{"line":125,"column":39}},"skip":true},"8":{"name":"(anonymous_8)","line":133,"loc":{"start":{"line":133,"column":59},"end":{"line":133,"column":74}},"skip":true},"9":{"name":"(anonymous_9)","line":143,"loc":{"start":{"line":143,"column":45},"end":{"line":143,"column":62}},"skip":true},"10":{"name":"(anonymous_10)","line":144,"loc":{"start":{"line":144,"column":73},"end":{"line":144,"column":92}},"skip":true},"11":{"name":"(anonymous_11)","line":272,"loc":{"start":{"line":272,"column":51},"end":{"line":272,"column":77}},"skip":true},"12":{"name":"(anonymous_12)","line":314,"loc":{"start":{"line":314,"column":32},"end":{"line":314,"column":61}},"skip":true}},"statementMap":{"1":{"start":{"line":26,"column":0},"end":{"line":325,"column":5}},"2":{"start":{"line":28,"column":4},"end":{"line":28,"column":14}},"3":{"start":{"line":33,"column":4},"end":{"line":60,"column":9}},"4":{"start":{"line":35,"column":8},"end":{"line":35,"column":19}},"5":{"start":{"line":37,"column":8},"end":{"line":49,"column":13}},"6":{"start":{"line":38,"column":12},"end":{"line":48,"column":13}},"7":{"start":{"line":39,"column":16},"end":{"line":42,"column":30}},"8":{"start":{"line":44,"column":16},"end":{"line":47,"column":27}},"9":{"start":{"line":51,"column":8},"end":{"line":53,"column":21}},"10":{"start":{"line":55,"column":8},"end":{"line":57,"column":45}},"11":{"start":{"line":59,"column":8},"end":{"line":59,"column":35}},"12":{"start":{"line":61,"column":4},"end":{"line":324,"column":5}},"13":{"start":{"line":69,"column":8},"end":{"line":121,"column":10},"skip":true},"14":{"start":{"line":70,"column":12},"end":{"line":88,"column":13},"skip":true},"15":{"start":{"line":76,"column":16},"end":{"line":87,"column":19},"skip":true},"16":{"start":{"line":79,"column":20},"end":{"line":86,"column":21},"skip":true},"17":{"start":{"line":82,"column":24},"end":{"line":82,"column":43},"skip":true},"18":{"start":{"line":83,"column":24},"end":{"line":83,"column":30},"skip":true},"19":{"start":{"line":85,"column":24},"end":{"line":85,"column":49},"skip":true},"20":{"start":{"line":89,"column":12},"end":{"line":107,"column":13},"skip":true},"21":{"start":{"line":92,"column":16},"end":{"line":102,"column":17},"skip":true},"22":{"start":{"line":93,"column":20},"end":{"line":93,"column":86},"skip":true},"23":{"start":{"line":94,"column":20},"end":{"line":95,"column":45},"skip":true},"24":{"start":{"line":96,"column":20},"end":{"line":96,"column":42},"skip":true},"25":{"start":{"line":97,"column":20},"end":{"line":97,"column":48},"skip":true},"26":{"start":{"line":100,"column":20},"end":{"line":100,"column":85},"skip":true},"27":{"start":{"line":101,"column":20},"end":{"line":101,"column":96},"skip":true},"28":{"start":{"line":103,"column":16},"end":{"line":103,"column":22},"skip":true},"29":{"start":{"line":106,"column":16},"end":{"line":106,"column":22},"skip":true},"30":{"start":{"line":108,"column":12},"end":{"line":120,"column":13},"skip":true},"31":{"start":{"line":114,"column":16},"end":{"line":119,"column":17},"skip":true},"32":{"start":{"line":116,"column":20},"end":{"line":116,"column":78},"skip":true},"33":{"start":{"line":118,"column":20},"end":{"line":118,"column":47},"skip":true},"34":{"start":{"line":123,"column":8},"end":{"line":141,"column":11},"skip":true},"35":{"start":{"line":124,"column":12},"end":{"line":124,"column":54},"skip":true},"36":{"start":{"line":125,"column":12},"end":{"line":140,"column":14},"skip":true},"37":{"start":{"line":126,"column":16},"end":{"line":126,"column":28},"skip":true},"38":{"start":{"line":127,"column":16},"end":{"line":127,"column":69},"skip":true},"39":{"start":{"line":128,"column":16},"end":{"line":128,"column":75},"skip":true},"40":{"start":{"line":129,"column":16},"end":{"line":131,"column":17},"skip":true},"41":{"start":{"line":130,"column":20},"end":{"line":130,"column":27},"skip":true},"42":{"start":{"line":133,"column":16},"end":{"line":137,"column":36},"skip":true},"43":{"start":{"line":134,"column":20},"end":{"line":136,"column":55},"skip":true},"44":{"start":{"line":139,"column":16},"end":{"line":139,"column":57},"skip":true},"45":{"start":{"line":143,"column":8},"end":{"line":147,"column":11},"skip":true},"46":{"start":{"line":144,"column":12},"end":{"line":146,"column":15},"skip":true},"47":{"start":{"line":145,"column":16},"end":{"line":145,"column":70},"skip":true},"48":{"start":{"line":149,"column":8},"end":{"line":149,"column":31},"skip":true},"49":{"start":{"line":150,"column":8},"end":{"line":150,"column":14},"skip":true},"50":{"start":{"line":158,"column":8},"end":{"line":158,"column":31},"skip":true},"51":{"start":{"line":160,"column":8},"end":{"line":160,"column":33},"skip":true},"52":{"start":{"line":161,"column":8},"end":{"line":161,"column":37},"skip":true},"53":{"start":{"line":162,"column":8},"end":{"line":162,"column":35},"skip":true},"54":{"start":{"line":164,"column":8},"end":{"line":164,"column":50},"skip":true},"55":{"start":{"line":166,"column":8},"end":{"line":256,"column":2},"skip":true},"56":{"start":{"line":258,"column":8},"end":{"line":286,"column":9},"skip":true},"57":{"start":{"line":259,"column":12},"end":{"line":269,"column":14},"skip":true},"58":{"start":{"line":271,"column":12},"end":{"line":285,"column":19},"skip":true},"59":{"start":{"line":274,"column":20},"end":{"line":274,"column":35},"skip":true},"60":{"start":{"line":275,"column":20},"end":{"line":284,"column":21},"skip":true},"61":{"start":{"line":277,"column":24},"end":{"line":277,"column":64},"skip":true},"62":{"start":{"line":279,"column":24},"end":{"line":279,"column":40},"skip":true},"63":{"start":{"line":281,"column":24},"end":{"line":281,"column":40},"skip":true},"64":{"start":{"line":283,"column":24},"end":{"line":283,"column":39},"skip":true},"65":{"start":{"line":288,"column":8},"end":{"line":290,"column":9},"skip":true},"66":{"start":{"line":289,"column":12},"end":{"line":289,"column":18},"skip":true},"67":{"start":{"line":291,"column":8},"end":{"line":293,"column":54},"skip":true},"68":{"start":{"line":294,"column":8},"end":{"line":301,"column":37},"skip":true},"69":{"start":{"line":302,"column":8},"end":{"line":302,"column":82},"skip":true},"70":{"start":{"line":305,"column":8},"end":{"line":307,"column":9},"skip":true},"71":{"start":{"line":306,"column":12},"end":{"line":306,"column":82},"skip":true},"72":{"start":{"line":309,"column":8},"end":{"line":311,"column":9},"skip":true},"73":{"start":{"line":310,"column":12},"end":{"line":310,"column":18},"skip":true},"74":{"start":{"line":312,"column":8},"end":{"line":312,"column":54},"skip":true},"75":{"start":{"line":313,"column":8},"end":{"line":313,"column":69},"skip":true},"76":{"start":{"line":314,"column":8},"end":{"line":322,"column":36},"skip":true},"77":{"start":{"line":315,"column":12},"end":{"line":315,"column":61},"skip":true},"78":{"start":{"line":316,"column":12},"end":{"line":319,"column":13},"skip":true},"79":{"start":{"line":317,"column":16},"end":{"line":317,"column":75},"skip":true},"80":{"start":{"line":318,"column":16},"end":{"line":318,"column":23},"skip":true},"81":{"start":{"line":320,"column":12},"end":{"line":320,"column":38},"skip":true},"82":{"start":{"line":321,"column":12},"end":{"line":321,"column":27},"skip":true},"83":{"start":{"line":323,"column":8},"end":{"line":323,"column":14},"skip":true}},"branchMap":{"1":{"line":39,"type":"binary-expr","locations":[{"start":{"line":39,"column":23},"end":{"line":39,"column":62}},{"start":{"line":40,"column":20},"end":{"line":40,"column":70}},{"start":{"line":41,"column":20},"end":{"line":41,"column":71}},{"start":{"line":42,"column":20},"end":{"line":42,"column":29}}]},"2":{"line":44,"type":"binary-expr","locations":[{"start":{"line":44,"column":23},"end":{"line":44,"column":37}},{"start":{"line":45,"column":20},"end":{"line":45,"column":61}},{"start":{"line":46,"column":20},"end":{"line":46,"column":70}},{"start":{"line":47,"column":20},"end":{"line":47,"column":26}}]},"3":{"line":51,"type":"cond-expr","locations":[{"start":{"line":52,"column":14},"end":{"line":52,"column":20}},{"start":{"line":53,"column":14},"end":{"line":53,"column":20}}]},"4":{"line":55,"type":"binary-expr","locations":[{"start":{"line":55,"column":16},"end":{"line":55,"column":44}},{"start":{"line":55,"column":49},"end":{"line":57,"column":43}}]},"5":{"line":55,"type":"cond-expr","locations":[{"start":{"line":56,"column":14},"end":{"line":56,"column":52}},{"start":{"line":57,"column":14},"end":{"line":57,"column":43}}]},"6":{"line":61,"type":"switch","locations":[{"start":{"line":68,"column":4},"end":{"line":150,"column":14},"skip":true},{"start":{"line":156,"column":4},"end":{"line":323,"column":14},"skip":true}]},"7":{"line":70,"type":"if","locations":[{"start":{"line":70,"column":12},"end":{"line":70,"column":12},"skip":true},{"start":{"line":70,"column":12},"end":{"line":70,"column":12},"skip":true}]},"8":{"line":70,"type":"binary-expr","locations":[{"start":{"line":70,"column":16},"end":{"line":70,"column":22},"skip":true},{"start":{"line":70,"column":27},"end":{"line":70,"column":32},"skip":true},{"start":{"line":71,"column":20},"end":{"line":71,"column":39},"skip":true},{"start":{"line":72,"column":20},"end":{"line":72,"column":49},"skip":true},{"start":{"line":73,"column":20},"end":{"line":73,"column":58},"skip":true},{"start":{"line":74,"column":20},"end":{"line":74,"column":69},"skip":true}]},"9":{"line":79,"type":"switch","locations":[{"start":{"line":80,"column":20},"end":{"line":80,"column":33},"skip":true},{"start":{"line":81,"column":20},"end":{"line":83,"column":30},"skip":true},{"start":{"line":84,"column":20},"end":{"line":85,"column":49},"skip":true}]},"10":{"line":89,"type":"switch","locations":[{"start":{"line":90,"column":12},"end":{"line":103,"column":22},"skip":true},{"start":{"line":105,"column":12},"end":{"line":106,"column":22},"skip":true}]},"11":{"line":89,"type":"binary-expr","locations":[{"start":{"line":89,"column":20},"end":{"line":89,"column":25},"skip":true},{"start":{"line":89,"column":29},"end":{"line":89,"column":48},"skip":true},{"start":{"line":89,"column":52},"end":{"line":89,"column":74},"skip":true}]},"12":{"line":92,"type":"if","locations":[{"start":{"line":92,"column":16},"end":{"line":92,"column":16},"skip":true},{"start":{"line":92,"column":16},"end":{"line":92,"column":16},"skip":true}]},"13":{"line":108,"type":"if","locations":[{"start":{"line":108,"column":12},"end":{"line":108,"column":12},"skip":true},{"start":{"line":108,"column":12},"end":{"line":108,"column":12},"skip":true}]},"14":{"line":108,"type":"binary-expr","locations":[{"start":{"line":108,"column":16},"end":{"line":108,"column":61},"skip":true},{"start":{"line":108,"column":66},"end":{"line":108,"column":72},"skip":true},{"start":{"line":108,"column":77},"end":{"line":108,"column":82},"skip":true},{"start":{"line":109,"column":20},"end":{"line":109,"column":39},"skip":true},{"start":{"line":110,"column":20},"end":{"line":110,"column":49},"skip":true},{"start":{"line":111,"column":20},"end":{"line":111,"column":58},"skip":true},{"start":{"line":112,"column":20},"end":{"line":112,"column":68},"skip":true}]},"15":{"line":129,"type":"if","locations":[{"start":{"line":129,"column":16},"end":{"line":129,"column":16},"skip":true},{"start":{"line":129,"column":16},"end":{"line":129,"column":16},"skip":true}]},"16":{"line":134,"type":"cond-expr","locations":[{"start":{"line":135,"column":26},"end":{"line":135,"column":29},"skip":true},{"start":{"line":136,"column":26},"end":{"line":136,"column":54},"skip":true}]},"17":{"line":164,"type":"binary-expr","locations":[{"start":{"line":164,"column":27},"end":{"line":164,"column":43},"skip":true},{"start":{"line":164,"column":47},"end":{"line":164,"column":49},"skip":true}]},"18":{"line":258,"type":"if","locations":[{"start":{"line":258,"column":8},"end":{"line":258,"column":8},"skip":true},{"start":{"line":258,"column":8},"end":{"line":258,"column":8},"skip":true}]},"19":{"line":275,"type":"switch","locations":[{"start":{"line":276,"column":20},"end":{"line":277,"column":64},"skip":true},{"start":{"line":278,"column":20},"end":{"line":279,"column":40},"skip":true},{"start":{"line":280,"column":20},"end":{"line":281,"column":40},"skip":true},{"start":{"line":282,"column":20},"end":{"line":283,"column":39},"skip":true}]},"20":{"line":288,"type":"if","locations":[{"start":{"line":288,"column":8},"end":{"line":288,"column":8},"skip":true},{"start":{"line":288,"column":8},"end":{"line":288,"column":8},"skip":true}]},"21":{"line":288,"type":"binary-expr","locations":[{"start":{"line":288,"column":12},"end":{"line":288,"column":40},"skip":true},{"start":{"line":288,"column":44},"end":{"line":288,"column":67},"skip":true}]},"22":{"line":292,"type":"binary-expr","locations":[{"start":{"line":292,"column":12},"end":{"line":292,"column":50},"skip":true},{"start":{"line":293,"column":12},"end":{"line":293,"column":53},"skip":true}]},"23":{"line":295,"type":"binary-expr","locations":[{"start":{"line":295,"column":12},"end":{"line":295,"column":66},"skip":true},{"start":{"line":296,"column":12},"end":{"line":301,"column":36},"skip":true}]},"24":{"line":302,"type":"binary-expr","locations":[{"start":{"line":302,"column":43},"end":{"line":302,"column":75},"skip":true},{"start":{"line":302,"column":79},"end":{"line":302,"column":81},"skip":true}]},"25":{"line":305,"type":"if","locations":[{"start":{"line":305,"column":8},"end":{"line":305,"column":8},"skip":true},{"start":{"line":305,"column":8},"end":{"line":305,"column":8},"skip":true}]},"26":{"line":309,"type":"if","locations":[{"start":{"line":309,"column":8},"end":{"line":309,"column":8},"skip":true},{"start":{"line":309,"column":8},"end":{"line":309,"column":8},"skip":true}]},"27":{"line":312,"type":"binary-expr","locations":[{"start":{"line":312,"column":27},"end":{"line":312,"column":43},"skip":true},{"start":{"line":312,"column":47},"end":{"line":312,"column":53},"skip":true}]},"28":{"line":316,"type":"if","locations":[{"start":{"line":316,"column":12},"end":{"line":316,"column":12},"skip":true},{"start":{"line":316,"column":12},"end":{"line":316,"column":12},"skip":true}]}},"code":["/*","example.js","","quickstart example","","instruction","    1. save this script as example.js","    2. run the shell command:","        $ npm install npmtest-synaptic && PORT=8081 node example.js","    3. play with the browser-demo on http://127.0.0.1:8081","*/","","","","/* istanbul instrument in package npmtest_synaptic */","/*jslint","    bitwise: true,","    browser: true,","    maxerr: 8,","    maxlen: 96,","    node: true,","    nomen: true,","    regexp: true,","    stupid: true","*/","(function () {","    'use strict';","    var local;","","","","    // run shared js-env code - pre-init","    (function () {","        // init local","        local = {};","        // init modeJs","        local.modeJs = (function () {","            try {","                return typeof navigator.userAgent === 'string' &&","                    typeof document.querySelector('body') === 'object' &&","                    typeof XMLHttpRequest.prototype.open === 'function' &&","                    'browser';","            } catch (errorCaughtBrowser) {","                return module.exports &&","                    typeof process.versions.node === 'string' &&","                    typeof require('http').createServer === 'function' &&","                    'node';","            }","        }());","        // init global","        local.global = local.modeJs === 'browser'","            ? window","            : global;","        // init utility2_rollup","        local = local.global.utility2_rollup || (local.modeJs === 'browser'","            ? local.global.utility2_npmtest_synaptic","            : global.utility2_moduleExports);","        // export local","        local.global.local = local;","    }());","    switch (local.modeJs) {","","","","    // post-init","    // run browser js-env code - post-init","    /* istanbul ignore next */","    case 'browser':","        local.testRunBrowser = function (event) {","            if (!event || (event &&","                    event.currentTarget &&","                    event.currentTarget.className &&","                    event.currentTarget.className.includes &&","                    event.currentTarget.className.includes('onreset'))) {","                // reset output","                Array.from(","                    document.querySelectorAll('body > .resettable')","                ).forEach(function (element) {","                    switch (element.tagName) {","                    case 'INPUT':","                    case 'TEXTAREA':","                        element.value = '';","                        break;","                    default:","                        element.textContent = '';","                    }","                });","            }","            switch (event && event.currentTarget && event.currentTarget.id) {","            case 'testRunButton1':","                // show tests","                if (document.querySelector('#testReportDiv1').style.display === 'none') {","                    document.querySelector('#testReportDiv1').style.display = 'block';","                    document.querySelector('#testRunButton1').textContent =","                        'hide internal test';","                    local.modeTest = true;","                    local.testRunDefault(local);","                // hide tests","                } else {","                    document.querySelector('#testReportDiv1').style.display = 'none';","                    document.querySelector('#testRunButton1').textContent = 'run internal test';","                }","                break;","            // custom-case","            default:","                break;","            }","            if (document.querySelector('#inputTextareaEval1') && (!event || (event &&","                    event.currentTarget &&","                    event.currentTarget.className &&","                    event.currentTarget.className.includes &&","                    event.currentTarget.className.includes('oneval')))) {","                // try to eval input-code","                try {","                    /*jslint evil: true*/","                    eval(document.querySelector('#inputTextareaEval1').value);","                } catch (errorCaught) {","                    console.error(errorCaught);","                }","            }","        };","        // log stderr and stdout to #outputTextareaStdout1","        ['error', 'log'].forEach(function (key) {","            console[key + '_original'] = console[key];","            console[key] = function () {","                var element;","                console[key + '_original'].apply(console, arguments);","                element = document.querySelector('#outputTextareaStdout1');","                if (!element) {","                    return;","                }","                // append text to #outputTextareaStdout1","                element.value += Array.from(arguments).map(function (arg) {","                    return typeof arg === 'string'","                        ? arg","                        : JSON.stringify(arg, null, 4);","                }).join(' ') + '\\n';","                // scroll textarea to bottom","                element.scrollTop = element.scrollHeight;","            };","        });","        // init event-handling","        ['change', 'click', 'keyup'].forEach(function (event) {","            Array.from(document.querySelectorAll('.on' + event)).forEach(function (element) {","                element.addEventListener(event, local.testRunBrowser);","            });","        });","        // run tests","        local.testRunBrowser();","        break;","","","","    // run node js-env code - post-init","    /* istanbul ignore next */","    case 'node':","        // export local","        module.exports = local;","        // require modules","        local.fs = require('fs');","        local.http = require('http');","        local.url = require('url');","        // init assets","        local.assetsDict = local.assetsDict || {};","        /* jslint-ignore-begin */","        local.assetsDict['/assets.index.template.html'] = '\\","<!doctype html>\\n\\","<html lang=\"en\">\\n\\","<head>\\n\\","<meta charset=\"UTF-8\">\\n\\","<meta name=\"viewport\" content=\"width=device-width, initial-scale=1\">\\n\\","<title>{{env.npm_package_name}} (v{{env.npm_package_version}})</title>\\n\\","<style>\\n\\","/*csslint\\n\\","    box-sizing: false,\\n\\","    universal-selector: false\\n\\","*/\\n\\","* {\\n\\","    box-sizing: border-box;\\n\\","}\\n\\","body {\\n\\","    background: #dde;\\n\\","    font-family: Arial, Helvetica, sans-serif;\\n\\","    margin: 2rem;\\n\\","}\\n\\","body > * {\\n\\","    margin-bottom: 1rem;\\n\\","}\\n\\",".utility2FooterDiv {\\n\\","    margin-top: 20px;\\n\\","    text-align: center;\\n\\","}\\n\\","</style>\\n\\","<style>\\n\\","/*csslint\\n\\","*/\\n\\","textarea {\\n\\","    font-family: monospace;\\n\\","    height: 10rem;\\n\\","    width: 100%;\\n\\","}\\n\\","textarea[readonly] {\\n\\","    background: #ddd;\\n\\","}\\n\\","</style>\\n\\","</head>\\n\\","<body>\\n\\","<!-- utility2-comment\\n\\","<div id=\"ajaxProgressDiv1\" style=\"background: #d00; height: 2px; left: 0; margin: 0; padding: 0; position: fixed; top: 0; transition: background 0.5s, width 1.5s; width: 25%;\"></div>\\n\\","utility2-comment -->\\n\\","<h1>\\n\\","<!-- utility2-comment\\n\\","    <a\\n\\","        {{#if env.npm_package_homepage}}\\n\\","        href=\"{{env.npm_package_homepage}}\"\\n\\","        {{/if env.npm_package_homepage}}\\n\\","        target=\"_blank\"\\n\\","    >\\n\\","utility2-comment -->\\n\\","        {{env.npm_package_name}} (v{{env.npm_package_version}})\\n\\","<!-- utility2-comment\\n\\","    </a>\\n\\","utility2-comment -->\\n\\","</h1>\\n\\","<h3>{{env.npm_package_description}}</h3>\\n\\","<!-- utility2-comment\\n\\","<h4><a download href=\"assets.app.js\">download standalone app</a></h4>\\n\\","<button class=\"onclick onreset\" id=\"testRunButton1\">run internal test</button><br>\\n\\","<div id=\"testReportDiv1\" style=\"display: none;\"></div>\\n\\","utility2-comment -->\\n\\","\\n\\","\\n\\","\\n\\","<label>stderr and stdout</label>\\n\\","<textarea class=\"resettable\" id=\"outputTextareaStdout1\" readonly></textarea>\\n\\","<!-- utility2-comment\\n\\","{{#if isRollup}}\\n\\","<script src=\"assets.app.js\"></script>\\n\\","{{#unless isRollup}}\\n\\","utility2-comment -->\\n\\","<script src=\"assets.utility2.rollup.js\"></script>\\n\\","<script src=\"jsonp.utility2._stateInit?callback=window.utility2._stateInit\"></script>\\n\\","<script src=\"assets.npmtest_synaptic.rollup.js\"></script>\\n\\","<script src=\"assets.example.js\"></script>\\n\\","<script src=\"assets.test.js\"></script>\\n\\","<!-- utility2-comment\\n\\","{{/if isRollup}}\\n\\","utility2-comment -->\\n\\","<div class=\"utility2FooterDiv\">\\n\\","    [ this app was created with\\n\\","    <a href=\"https://github.com/kaizhu256/node-utility2\" target=\"_blank\">utility2</a>\\n\\","    ]\\n\\","</div>\\n\\","</body>\\n\\","</html>\\n\\","';","        /* jslint-ignore-end */","        if (local.templateRender) {","            local.assetsDict['/'] = local.templateRender(","                local.assetsDict['/assets.index.template.html'],","                {","                    env: local.objectSetDefault(local.env, {","                        npm_package_description: 'the greatest app in the world!',","                        npm_package_name: 'my-app',","                        npm_package_nameAlias: 'my_app',","                        npm_package_version: '0.0.1'","                    })","                }","            );","        } else {","            local.assetsDict['/'] = local.assetsDict['/assets.index.template.html']","                .replace((/\\{\\{env\\.(\\w+?)\\}\\}/g), function (match0, match1) {","                    // jslint-hack","                    String(match0);","                    switch (match1) {","                    case 'npm_package_description':","                        return 'the greatest app in the world!';","                    case 'npm_package_name':","                        return 'my-app';","                    case 'npm_package_nameAlias':","                        return 'my_app';","                    case 'npm_package_version':","                        return '0.0.1';","                    }","                });","        }","        // run the cli","        if (local.global.utility2_rollup || module !== require.main) {","            break;","        }","        local.assetsDict['/assets.example.js'] =","            local.assetsDict['/assets.example.js'] ||","            local.fs.readFileSync(__filename, 'utf8');","        local.assetsDict['/assets.npmtest_synaptic.rollup.js'] =","            local.assetsDict['/assets.npmtest_synaptic.rollup.js'] ||","            local.fs.readFileSync(","                // buildCustomOrg-hack","                local.npmtest_synaptic.__dirname +","                    '/lib.npmtest_synaptic.js',","                'utf8'","            ).replace((/^#!/), '//');","        local.assetsDict['/favicon.ico'] = local.assetsDict['/favicon.ico'] || '';","        // if $npm_config_timeout_exit exists,","        // then exit this process after $npm_config_timeout_exit ms","        if (Number(process.env.npm_config_timeout_exit)) {","            setTimeout(process.exit, Number(process.env.npm_config_timeout_exit));","        }","        // start server","        if (local.global.utility2_serverHttp1) {","            break;","        }","        process.env.PORT = process.env.PORT || '8081';","        console.error('server starting on port ' + process.env.PORT);","        local.http.createServer(function (request, response) {","            request.urlParsed = local.url.parse(request.url);","            if (local.assetsDict[request.urlParsed.pathname] !== undefined) {","                response.end(local.assetsDict[request.urlParsed.pathname]);","                return;","            }","            response.statusCode = 404;","            response.end();","        }).listen(process.env.PORT);","        break;","    }","}());",""],"l":{"26":2,"28":2,"33":2,"35":2,"37":2,"38":2,"39":2,"44":1,"51":2,"55":2,"59":2,"61":2,"69":1,"70":2,"76":2,"79":2,"82":2,"83":2,"85":1,"89":2,"92":1,"93":1,"94":1,"96":1,"97":1,"100":1,"101":1,"103":1,"106":1,"108":2,"114":1,"116":1,"118":1,"123":1,"124":2,"125":2,"126":2,"127":2,"128":2,"129":2,"130":1,"133":2,"134":2,"139":2,"143":1,"144":3,"145":1,"149":1,"150":1,"158":1,"160":1,"161":1,"162":1,"164":1,"166":1,"258":1,"259":1,"271":1,"274":6,"275":6,"277":1,"279":2,"281":1,"283":2,"288":1,"289":1,"291":1,"294":1,"302":1,"305":1,"306":1,"309":1,"310":1,"312":1,"313":1,"314":1,"315":1,"316":1,"317":1,"318":1,"320":1,"321":1,"323":1}},"/home/travis/build/npmtest/node-npmtest-synaptic/node_modules/synaptic/src/synaptic.js":{"path":"/home/travis/build/npmtest/node-npmtest-synaptic/node_modules/synaptic/src/synaptic.js","s":{"1":1,"2":1,"3":0,"4":0,"5":1,"6":1,"7":1,"8":0,"9":0,"10":0,"11":0,"12":0,"13":0},"b":{"1":[0,1],"2":[1,0],"3":[1,0],"4":[1,1],"5":[0,1]},"f":{"1":0,"2":0,"3":0},"fnMap":{"1":{"name":"(anonymous_1)","line":12,"loc":{"start":{"line":12,"column":13},"end":{"line":12,"column":23}}},"2":{"name":"(anonymous_2)","line":24,"loc":{"start":{"line":24,"column":3},"end":{"line":24,"column":13}}},"3":{"name":"(anonymous_3)","line":26,"loc":{"start":{"line":26,"column":21},"end":{"line":26,"column":31}}}},"statementMap":{"1":{"start":{"line":1,"column":0},"end":{"line":7,"column":2}},"2":{"start":{"line":10,"column":0},"end":{"line":13,"column":1}},"3":{"start":{"line":12,"column":2},"end":{"line":12,"column":44}},"4":{"start":{"line":12,"column":25},"end":{"line":12,"column":41}},"5":{"start":{"line":16,"column":0},"end":{"line":19,"column":1}},"6":{"start":{"line":18,"column":2},"end":{"line":18,"column":28}},"7":{"start":{"line":22,"column":0},"end":{"line":33,"column":1}},"8":{"start":{"line":24,"column":2},"end":{"line":30,"column":7}},"9":{"start":{"line":25,"column":4},"end":{"line":25,"column":41}},"10":{"start":{"line":26,"column":4},"end":{"line":29,"column":6}},"11":{"start":{"line":27,"column":6},"end":{"line":27,"column":39}},"12":{"start":{"line":28,"column":6},"end":{"line":28,"column":22}},"13":{"start":{"line":32,"column":2},"end":{"line":32,"column":32}}},"branchMap":{"1":{"line":10,"type":"if","locations":[{"start":{"line":10,"column":0},"end":{"line":10,"column":0}},{"start":{"line":10,"column":0},"end":{"line":10,"column":0}}]},"2":{"line":10,"type":"binary-expr","locations":[{"start":{"line":10,"column":4},"end":{"line":10,"column":33}},{"start":{"line":10,"column":37},"end":{"line":10,"column":47}}]},"3":{"line":16,"type":"if","locations":[{"start":{"line":16,"column":0},"end":{"line":16,"column":0}},{"start":{"line":16,"column":0},"end":{"line":16,"column":0}}]},"4":{"line":16,"type":"binary-expr","locations":[{"start":{"line":16,"column":4},"end":{"line":16,"column":33}},{"start":{"line":16,"column":37},"end":{"line":16,"column":51}}]},"5":{"line":22,"type":"if","locations":[{"start":{"line":22,"column":0},"end":{"line":22,"column":0}},{"start":{"line":22,"column":0},"end":{"line":22,"column":0}}]}},"code":["var Synaptic = {","    Neuron: require('./neuron'),","    Layer: require('./layer'),","    Network: require('./network'),","    Trainer: require('./trainer'),","    Architect: require('./architect')","};","","// CommonJS & AMD","if (typeof define !== 'undefined' && define.amd)","{","  define([], function(){ return Synaptic });","}","","// Node.js","if (typeof module !== 'undefined' && module.exports)","{","  module.exports = Synaptic;","}","","// Browser","if (typeof window == 'object')","{","  (function(){","    var oldSynaptic = window['synaptic'];","    Synaptic.ninja = function(){","      window['synaptic'] = oldSynaptic;","      return Synaptic;","    };","  })();","","  window['synaptic'] = Synaptic;","}",""],"l":{"1":1,"10":1,"12":0,"16":1,"18":1,"22":1,"24":0,"25":0,"26":0,"27":0,"28":0,"32":0}},"/home/travis/build/npmtest/node-npmtest-synaptic/node_modules/synaptic/src/neuron.js":{"path":"/home/travis/build/npmtest/node-npmtest-synaptic/node_modules/synaptic/src/neuron.js","s":{"1":1,"2":1,"3":1,"4":0,"5":0,"6":0,"7":0,"8":0,"9":0,"10":0,"11":0,"12":0,"13":0,"14":0,"15":0,"16":1,"17":0,"18":0,"19":0,"20":0,"21":0,"22":0,"23":0,"24":0,"25":0,"26":0,"27":0,"28":0,"29":0,"30":0,"31":0,"32":0,"33":0,"34":0,"35":0,"36":0,"37":0,"38":0,"39":0,"40":0,"41":0,"42":0,"43":0,"44":0,"45":0,"46":0,"47":0,"48":0,"49":0,"50":0,"51":0,"52":0,"53":0,"54":0,"55":0,"56":0,"57":0,"58":0,"59":0,"60":0,"61":0,"62":0,"63":0,"64":0,"65":0,"66":0,"67":0,"68":0,"69":0,"70":0,"71":0,"72":0,"73":0,"74":0,"75":0,"76":0,"77":0,"78":0,"79":0,"80":0,"81":0,"82":0,"83":0,"84":0,"85":0,"86":0,"87":0,"88":0,"89":0,"90":0,"91":0,"92":0,"93":0,"94":0,"95":0,"96":0,"97":0,"98":0,"99":0,"100":0,"101":0,"102":0,"103":0,"104":0,"105":0,"106":0,"107":0,"108":0,"109":0,"110":0,"111":0,"112":0,"113":0,"114":0,"115":0,"116":0,"117":0,"118":0,"119":0,"120":0,"121":0,"122":0,"123":0,"124":0,"125":0,"126":0,"127":0,"128":0,"129":0,"130":0,"131":0,"132":0,"133":0,"134":0,"135":0,"136":0,"137":0,"138":0,"139":0,"140":0,"141":0,"142":0,"143":0,"144":0,"145":0,"146":0,"147":0,"148":0,"149":0,"150":0,"151":0,"152":0,"153":0,"154":0,"155":0,"156":0,"157":0,"158":0,"159":0,"160":0,"161":0,"162":0,"163":0,"164":0,"165":0,"166":0,"167":0,"168":0,"169":0,"170":0,"171":0,"172":0,"173":0,"174":0,"175":0,"176":0,"177":0,"178":0,"179":0,"180":0,"181":0,"182":0,"183":0,"184":0,"185":0,"186":0,"187":0,"188":0,"189":0,"190":0,"191":0,"192":0,"193":0,"194":0,"195":0,"196":0,"197":0,"198":0,"199":0,"200":0,"201":0,"202":0,"203":0,"204":0,"205":0,"206":0,"207":0,"208":0,"209":0,"210":0,"211":0,"212":0,"213":0,"214":0,"215":0,"216":0,"217":0,"218":0,"219":0,"220":0,"221":0,"222":0,"223":0,"224":0,"225":0,"226":0,"227":0,"228":0,"229":0,"230":0,"231":0,"232":0,"233":0,"234":0,"235":0,"236":0,"237":0,"238":0,"239":0,"240":0,"241":0,"242":0,"243":0,"244":0,"245":0,"246":0,"247":0,"248":0,"249":0,"250":0,"251":0,"252":0,"253":0,"254":0,"255":0,"256":0,"257":0,"258":0,"259":0,"260":0,"261":0,"262":0,"263":0,"264":0,"265":0,"266":0,"267":0,"268":0,"269":0,"270":0,"271":0,"272":0,"273":0,"274":0,"275":0,"276":0,"277":0,"278":0,"279":0,"280":0,"281":0,"282":0,"283":0,"284":0,"285":0,"286":0,"287":0,"288":0,"289":0,"290":0,"291":0,"292":0,"293":0,"294":0,"295":0,"296":0,"297":0,"298":0,"299":0,"300":0,"301":0,"302":0,"303":0,"304":0,"305":0,"306":0,"307":0,"308":0,"309":0,"310":0,"311":0,"312":0,"313":0,"314":0,"315":0,"316":0,"317":0,"318":0,"319":0,"320":0,"321":0,"322":0,"323":0,"324":0,"325":0,"326":0,"327":0,"328":0,"329":0,"330":0,"331":0,"332":0,"333":0,"334":0,"335":0,"336":0,"337":0,"338":0,"339":0,"340":0,"341":0,"342":0,"343":0,"344":0,"345":0,"346":0,"347":0,"348":0,"349":0,"350":0,"351":0,"352":0,"353":0,"354":0,"355":0,"356":0,"357":0,"358":0,"359":0,"360":0,"361":0,"362":0,"363":0,"364":0,"365":0,"366":0,"367":0,"368":0,"369":0,"370":0,"371":0,"372":0,"373":0,"374":0,"375":0,"376":0,"377":0,"378":0,"379":0,"380":0,"381":0,"382":0,"383":0,"384":0,"385":0,"386":0,"387":0,"388":0,"389":0,"390":0,"391":0,"392":0,"393":0,"394":0,"395":0,"396":0,"397":0,"398":0,"399":1,"400":0,"401":0,"402":0,"403":0,"404":0,"405":0,"406":0,"407":0,"408":1,"409":1,"410":0,"411":0,"412":0,"413":0,"414":1,"415":0,"416":0,"417":0,"418":0,"419":0,"420":1,"421":0,"422":1,"423":0,"424":1,"425":0,"426":0,"427":0,"428":1,"429":1,"430":1,"431":1,"432":0,"433":1,"434":0,"435":1,"436":0},"b":{"1":[1,0],"2":[0,0],"3":[0,0],"4":[0,0],"5":[0,0],"6":[0,0],"7":[0,0],"8":[0,0],"9":[0,0],"10":[0,0],"11":[0,0],"12":[0,0],"13":[0,0],"14":[0,0],"15":[0,0],"16":[0,0],"17":[0,0],"18":[0,0],"19":[0,0],"20":[0,0],"21":[0,0],"22":[0,0],"23":[0,0],"24":[0,0],"25":[0,0],"26":[0,0],"27":[0,0],"28":[0,0],"29":[0,0],"30":[0,0],"31":[0,0],"32":[0,0],"33":[0,0],"34":[0,0],"35":[0,0],"36":[0,0],"37":[0,0],"38":[0,0],"39":[0,0],"40":[0,0],"41":[0,0],"42":[0,0],"43":[0,0],"44":[0,0],"45":[0,0],"46":[0,0],"47":[0,0],"48":[0,0,0,0,0],"49":[0,0],"50":[0,0],"51":[0,0],"52":[0,0],"53":[0,0],"54":[0,0],"55":[0,0],"56":[0,0],"57":[0,0],"58":[0,0],"59":[0,0],"60":[0,0],"61":[0,0],"62":[0,0],"63":[0,0],"64":[0,0],"65":[0,0],"66":[0,0],"67":[0,0],"68":[0,0],"69":[0,0],"70":[0,0],"71":[0,0],"72":[0,0],"73":[0,0],"74":[0,0],"75":[0,0],"76":[0,0],"77":[0,0],"78":[0,0],"79":[0,0],"80":[0,0],"81":[0,0]},"f":{"1":0,"2":0,"3":0,"4":0,"5":0,"6":0,"7":0,"8":0,"9":0,"10":0,"11":0,"12":0,"13":0,"14":0,"15":0,"16":0,"17":0,"18":0,"19":0,"20":0,"21":1,"22":0,"23":0,"24":0},"fnMap":{"1":{"name":"Neuron","line":8,"loc":{"start":{"line":8,"column":0},"end":{"line":8,"column":18}}},"2":{"name":"(anonymous_2)","line":38,"loc":{"start":{"line":38,"column":12},"end":{"line":38,"column":28}}},"3":{"name":"(anonymous_3)","line":112,"loc":{"start":{"line":112,"column":13},"end":{"line":112,"column":36}}},"4":{"name":"(anonymous_4)","line":179,"loc":{"start":{"line":179,"column":11},"end":{"line":179,"column":36}}},"5":{"name":"(anonymous_5)","line":213,"loc":{"start":{"line":213,"column":8},"end":{"line":213,"column":29}}},"6":{"name":"(anonymous_6)","line":239,"loc":{"start":{"line":239,"column":17},"end":{"line":239,"column":28}}},"7":{"name":"(anonymous_7)","line":244,"loc":{"start":{"line":244,"column":13},"end":{"line":244,"column":30}}},"8":{"name":"(anonymous_8)","line":278,"loc":{"start":{"line":278,"column":9},"end":{"line":278,"column":20}}},"9":{"name":"(anonymous_9)","line":291,"loc":{"start":{"line":291,"column":9},"end":{"line":291,"column":20}}},"10":{"name":"(anonymous_10)","line":303,"loc":{"start":{"line":303,"column":12},"end":{"line":303,"column":39}}},"11":{"name":"(anonymous_11)","line":321,"loc":{"start":{"line":321,"column":19},"end":{"line":321,"column":34}}},"12":{"name":"(anonymous_12)","line":335,"loc":{"start":{"line":335,"column":17},"end":{"line":335,"column":28}}},"13":{"name":"(anonymous_13)","line":376,"loc":{"start":{"line":376,"column":24},"end":{"line":376,"column":35}}},"14":{"name":"(anonymous_14)","line":390,"loc":{"start":{"line":390,"column":18},"end":{"line":390,"column":32}}},"15":{"name":"Connection","line":736,"loc":{"start":{"line":736,"column":20},"end":{"line":736,"column":58}}},"16":{"name":"(anonymous_16)","line":755,"loc":{"start":{"line":755,"column":25},"end":{"line":755,"column":47}}},"17":{"name":"(anonymous_17)","line":761,"loc":{"start":{"line":761,"column":21},"end":{"line":761,"column":43}}},"18":{"name":"(anonymous_18)","line":768,"loc":{"start":{"line":768,"column":25},"end":{"line":768,"column":47}}},"19":{"name":"(anonymous_19)","line":771,"loc":{"start":{"line":771,"column":21},"end":{"line":771,"column":43}}},"20":{"name":"(anonymous_20)","line":774,"loc":{"start":{"line":774,"column":21},"end":{"line":774,"column":43}}},"21":{"name":"(anonymous_21)","line":781,"loc":{"start":{"line":781,"column":1},"end":{"line":781,"column":12}}},"22":{"name":"(anonymous_22)","line":784,"loc":{"start":{"line":784,"column":15},"end":{"line":784,"column":26}}},"23":{"name":"(anonymous_23)","line":787,"loc":{"start":{"line":787,"column":26},"end":{"line":787,"column":37}}},"24":{"name":"(anonymous_24)","line":790,"loc":{"start":{"line":790,"column":20},"end":{"line":790,"column":31}}}},"statementMap":{"1":{"start":{"line":2,"column":0},"end":{"line":2,"column":36}},"2":{"start":{"line":2,"column":12},"end":{"line":2,"column":36}},"3":{"start":{"line":8,"column":0},"end":{"line":33,"column":1}},"4":{"start":{"line":9,"column":2},"end":{"line":9,"column":25}},"5":{"start":{"line":10,"column":2},"end":{"line":10,"column":20}},"6":{"start":{"line":11,"column":2},"end":{"line":15,"column":4}},"7":{"start":{"line":16,"column":2},"end":{"line":20,"column":4}},"8":{"start":{"line":21,"column":2},"end":{"line":25,"column":4}},"9":{"start":{"line":26,"column":2},"end":{"line":26,"column":17}},"10":{"start":{"line":27,"column":2},"end":{"line":27,"column":15}},"11":{"start":{"line":28,"column":2},"end":{"line":28,"column":22}},"12":{"start":{"line":29,"column":2},"end":{"line":29,"column":61}},"13":{"start":{"line":30,"column":2},"end":{"line":30,"column":39}},"14":{"start":{"line":31,"column":2},"end":{"line":31,"column":23}},"15":{"start":{"line":32,"column":2},"end":{"line":32,"column":38}},"16":{"start":{"line":35,"column":0},"end":{"line":732,"column":1}},"17":{"start":{"line":40,"column":4},"end":{"line":45,"column":5}},"18":{"start":{"line":41,"column":6},"end":{"line":41,"column":30}},"19":{"start":{"line":42,"column":6},"end":{"line":42,"column":26}},"20":{"start":{"line":43,"column":6},"end":{"line":43,"column":20}},"21":{"start":{"line":44,"column":6},"end":{"line":44,"column":29}},"22":{"start":{"line":48,"column":4},"end":{"line":48,"column":26}},"23":{"start":{"line":51,"column":4},"end":{"line":52,"column":29}},"24":{"start":{"line":54,"column":4},"end":{"line":57,"column":5}},"25":{"start":{"line":55,"column":6},"end":{"line":55,"column":45}},"26":{"start":{"line":56,"column":6},"end":{"line":56,"column":70}},"27":{"start":{"line":60,"column":4},"end":{"line":60,"column":46}},"28":{"start":{"line":63,"column":4},"end":{"line":63,"column":52}},"29":{"start":{"line":66,"column":4},"end":{"line":66,"column":24}},"30":{"start":{"line":67,"column":4},"end":{"line":80,"column":5}},"31":{"start":{"line":69,"column":6},"end":{"line":69,"column":39}},"32":{"start":{"line":72,"column":6},"end":{"line":72,"column":75}},"33":{"start":{"line":75,"column":6},"end":{"line":78,"column":7}},"34":{"start":{"line":76,"column":8},"end":{"line":77,"column":69}},"35":{"start":{"line":79,"column":6},"end":{"line":79,"column":40}},"36":{"start":{"line":82,"column":4},"end":{"line":101,"column":5}},"37":{"start":{"line":83,"column":6},"end":{"line":83,"column":45}},"38":{"start":{"line":86,"column":6},"end":{"line":88,"column":20}},"39":{"start":{"line":90,"column":6},"end":{"line":100,"column":7}},"40":{"start":{"line":92,"column":8},"end":{"line":92,"column":45}},"41":{"start":{"line":93,"column":8},"end":{"line":93,"column":41}},"42":{"start":{"line":94,"column":8},"end":{"line":94,"column":46}},"43":{"start":{"line":97,"column":8},"end":{"line":99,"column":34}},"44":{"start":{"line":104,"column":4},"end":{"line":106,"column":5}},"45":{"start":{"line":105,"column":6},"end":{"line":105,"column":64}},"46":{"start":{"line":108,"column":4},"end":{"line":108,"column":27}},"47":{"start":{"line":114,"column":4},"end":{"line":114,"column":18}},"48":{"start":{"line":117,"column":4},"end":{"line":117,"column":48}},"49":{"start":{"line":120,"column":4},"end":{"line":156,"column":5}},"50":{"start":{"line":121,"column":6},"end":{"line":121,"column":82}},"51":{"start":{"line":126,"column":6},"end":{"line":131,"column":7}},"52":{"start":{"line":127,"column":8},"end":{"line":127,"column":56}},"53":{"start":{"line":128,"column":8},"end":{"line":128,"column":35}},"54":{"start":{"line":130,"column":8},"end":{"line":130,"column":83}},"55":{"start":{"line":134,"column":6},"end":{"line":134,"column":53}},"56":{"start":{"line":136,"column":6},"end":{"line":136,"column":16}},"57":{"start":{"line":138,"column":6},"end":{"line":149,"column":7}},"58":{"start":{"line":139,"column":8},"end":{"line":139,"column":41}},"59":{"start":{"line":140,"column":8},"end":{"line":140,"column":77}},"60":{"start":{"line":143,"column":8},"end":{"line":146,"column":9}},"61":{"start":{"line":144,"column":10},"end":{"line":145,"column":46}},"62":{"start":{"line":148,"column":8},"end":{"line":148,"column":57}},"63":{"start":{"line":152,"column":6},"end":{"line":152,"column":49}},"64":{"start":{"line":155,"column":6},"end":{"line":155,"column":74}},"65":{"start":{"line":159,"column":4},"end":{"line":159,"column":22}},"66":{"start":{"line":162,"column":4},"end":{"line":173,"column":5}},"67":{"start":{"line":163,"column":6},"end":{"line":163,"column":46}},"68":{"start":{"line":166,"column":6},"end":{"line":166,"column":77}},"69":{"start":{"line":167,"column":6},"end":{"line":171,"column":7}},"70":{"start":{"line":168,"column":8},"end":{"line":168,"column":41}},"71":{"start":{"line":169,"column":8},"end":{"line":170,"column":31}},"72":{"start":{"line":172,"column":6},"end":{"line":172,"column":38}},"73":{"start":{"line":176,"column":4},"end":{"line":176,"column":50}},"74":{"start":{"line":181,"column":4},"end":{"line":184,"column":5}},"75":{"start":{"line":182,"column":6},"end":{"line":182,"column":37}},"76":{"start":{"line":183,"column":6},"end":{"line":183,"column":33}},"77":{"start":{"line":187,"column":4},"end":{"line":187,"column":43}},"78":{"start":{"line":188,"column":4},"end":{"line":197,"column":5}},"79":{"start":{"line":190,"column":6},"end":{"line":191,"column":45}},"80":{"start":{"line":191,"column":8},"end":{"line":191,"column":45}},"81":{"start":{"line":193,"column":6},"end":{"line":193,"column":34}},"82":{"start":{"line":196,"column":6},"end":{"line":196,"column":67}},"83":{"start":{"line":200,"column":4},"end":{"line":200,"column":59}},"84":{"start":{"line":201,"column":4},"end":{"line":201,"column":40}},"85":{"start":{"line":202,"column":4},"end":{"line":202,"column":58}},"86":{"start":{"line":203,"column":4},"end":{"line":203,"column":48}},"87":{"start":{"line":205,"column":4},"end":{"line":208,"column":5}},"88":{"start":{"line":206,"column":6},"end":{"line":206,"column":44}},"89":{"start":{"line":207,"column":6},"end":{"line":207,"column":31}},"90":{"start":{"line":210,"column":4},"end":{"line":210,"column":22}},"91":{"start":{"line":215,"column":4},"end":{"line":215,"column":55}},"92":{"start":{"line":217,"column":4},"end":{"line":217,"column":31}},"93":{"start":{"line":218,"column":4},"end":{"line":226,"column":5}},"94":{"start":{"line":220,"column":6},"end":{"line":220,"column":42}},"95":{"start":{"line":221,"column":6},"end":{"line":221,"column":55}},"96":{"start":{"line":222,"column":6},"end":{"line":225,"column":7}},"97":{"start":{"line":223,"column":8},"end":{"line":223,"column":48}},"98":{"start":{"line":224,"column":8},"end":{"line":224,"column":29}},"99":{"start":{"line":229,"column":4},"end":{"line":232,"column":54}},"100":{"start":{"line":230,"column":6},"end":{"line":230,"column":56}},"101":{"start":{"line":232,"column":6},"end":{"line":232,"column":54}},"102":{"start":{"line":235,"column":4},"end":{"line":235,"column":28}},"103":{"start":{"line":240,"column":4},"end":{"line":240,"column":44}},"104":{"start":{"line":245,"column":4},"end":{"line":248,"column":6}},"105":{"start":{"line":250,"column":4},"end":{"line":257,"column":5}},"106":{"start":{"line":251,"column":6},"end":{"line":256,"column":21}},"107":{"start":{"line":252,"column":8},"end":{"line":252,"column":39}},"108":{"start":{"line":253,"column":8},"end":{"line":253,"column":48}},"109":{"start":{"line":254,"column":8},"end":{"line":254,"column":22}},"110":{"start":{"line":256,"column":8},"end":{"line":256,"column":21}},"111":{"start":{"line":259,"column":4},"end":{"line":272,"column":5}},"112":{"start":{"line":260,"column":6},"end":{"line":271,"column":7}},"113":{"start":{"line":261,"column":8},"end":{"line":261,"column":60}},"114":{"start":{"line":262,"column":8},"end":{"line":270,"column":9}},"115":{"start":{"line":263,"column":10},"end":{"line":263,"column":29}},"116":{"start":{"line":264,"column":10},"end":{"line":264,"column":41}},"117":{"start":{"line":265,"column":10},"end":{"line":265,"column":24}},"118":{"start":{"line":266,"column":15},"end":{"line":270,"column":9}},"119":{"start":{"line":267,"column":10},"end":{"line":267,"column":29}},"120":{"start":{"line":268,"column":10},"end":{"line":268,"column":41}},"121":{"start":{"line":269,"column":10},"end":{"line":269,"column":24}},"122":{"start":{"line":274,"column":4},"end":{"line":274,"column":17}},"123":{"start":{"line":280,"column":4},"end":{"line":281,"column":40}},"124":{"start":{"line":281,"column":6},"end":{"line":281,"column":40}},"125":{"start":{"line":283,"column":4},"end":{"line":285,"column":49}},"126":{"start":{"line":284,"column":6},"end":{"line":285,"column":49}},"127":{"start":{"line":285,"column":8},"end":{"line":285,"column":49}},"128":{"start":{"line":287,"column":4},"end":{"line":287,"column":76}},"129":{"start":{"line":292,"column":4},"end":{"line":292,"column":17}},"130":{"start":{"line":294,"column":4},"end":{"line":296,"column":76}},"131":{"start":{"line":295,"column":6},"end":{"line":296,"column":76}},"132":{"start":{"line":296,"column":8},"end":{"line":296,"column":76}},"133":{"start":{"line":297,"column":4},"end":{"line":297,"column":40}},"134":{"start":{"line":299,"column":4},"end":{"line":299,"column":48}},"135":{"start":{"line":305,"column":4},"end":{"line":305,"column":32}},"136":{"start":{"line":306,"column":4},"end":{"line":306,"column":30}},"137":{"start":{"line":307,"column":4},"end":{"line":307,"column":25}},"138":{"start":{"line":308,"column":4},"end":{"line":308,"column":31}},"139":{"start":{"line":309,"column":4},"end":{"line":309,"column":38}},"140":{"start":{"line":310,"column":4},"end":{"line":310,"column":41}},"141":{"start":{"line":311,"column":4},"end":{"line":311,"column":40}},"142":{"start":{"line":312,"column":4},"end":{"line":312,"column":42}},"143":{"start":{"line":313,"column":4},"end":{"line":313,"column":42}},"144":{"start":{"line":314,"column":4},"end":{"line":314,"column":46}},"145":{"start":{"line":315,"column":4},"end":{"line":315,"column":68}},"146":{"start":{"line":316,"column":4},"end":{"line":316,"column":58}},"147":{"start":{"line":317,"column":4},"end":{"line":317,"column":70}},"148":{"start":{"line":318,"column":4},"end":{"line":318,"column":65}},"149":{"start":{"line":321,"column":4},"end":{"line":328,"column":6}},"150":{"start":{"line":322,"column":6},"end":{"line":322,"column":63}},"151":{"start":{"line":323,"column":6},"end":{"line":327,"column":7}},"152":{"start":{"line":325,"column":8},"end":{"line":325,"column":44}},"153":{"start":{"line":326,"column":8},"end":{"line":326,"column":39}},"154":{"start":{"line":329,"column":4},"end":{"line":329,"column":35}},"155":{"start":{"line":330,"column":4},"end":{"line":330,"column":30}},"156":{"start":{"line":331,"column":4},"end":{"line":331,"column":36}},"157":{"start":{"line":332,"column":4},"end":{"line":332,"column":38}},"158":{"start":{"line":335,"column":4},"end":{"line":373,"column":6}},"159":{"start":{"line":336,"column":6},"end":{"line":336,"column":55}},"160":{"start":{"line":338,"column":6},"end":{"line":372,"column":7}},"161":{"start":{"line":339,"column":8},"end":{"line":343,"column":27}},"162":{"start":{"line":340,"column":10},"end":{"line":340,"column":46}},"163":{"start":{"line":341,"column":10},"end":{"line":341,"column":30}},"164":{"start":{"line":343,"column":10},"end":{"line":343,"column":27}},"165":{"start":{"line":344,"column":8},"end":{"line":345,"column":31}},"166":{"start":{"line":345,"column":10},"end":{"line":345,"column":31}},"167":{"start":{"line":346,"column":8},"end":{"line":349,"column":10}},"168":{"start":{"line":351,"column":8},"end":{"line":351,"column":39}},"169":{"start":{"line":352,"column":8},"end":{"line":353,"column":33}},"170":{"start":{"line":353,"column":10},"end":{"line":353,"column":33}},"171":{"start":{"line":355,"column":8},"end":{"line":355,"column":32}},"172":{"start":{"line":356,"column":8},"end":{"line":356,"column":30}},"173":{"start":{"line":358,"column":8},"end":{"line":359,"column":33}},"174":{"start":{"line":359,"column":10},"end":{"line":359,"column":33}},"175":{"start":{"line":361,"column":8},"end":{"line":361,"column":28}},"176":{"start":{"line":362,"column":8},"end":{"line":363,"column":37}},"177":{"start":{"line":363,"column":10},"end":{"line":363,"column":37}},"178":{"start":{"line":364,"column":8},"end":{"line":364,"column":22}},"179":{"start":{"line":365,"column":8},"end":{"line":366,"column":31}},"180":{"start":{"line":366,"column":10},"end":{"line":366,"column":31}},"181":{"start":{"line":368,"column":8},"end":{"line":371,"column":10}},"182":{"start":{"line":376,"column":4},"end":{"line":387,"column":6}},"183":{"start":{"line":377,"column":6},"end":{"line":377,"column":55}},"184":{"start":{"line":378,"column":6},"end":{"line":378,"column":29}},"185":{"start":{"line":379,"column":6},"end":{"line":379,"column":24}},"186":{"start":{"line":380,"column":6},"end":{"line":384,"column":46}},"187":{"start":{"line":381,"column":8},"end":{"line":384,"column":46}},"188":{"start":{"line":382,"column":10},"end":{"line":382,"column":30}},"189":{"start":{"line":384,"column":10},"end":{"line":384,"column":46}},"190":{"start":{"line":386,"column":6},"end":{"line":386,"column":33}},"191":{"start":{"line":390,"column":4},"end":{"line":396,"column":6}},"192":{"start":{"line":391,"column":6},"end":{"line":394,"column":7}},"193":{"start":{"line":392,"column":8},"end":{"line":393,"column":23}},"194":{"start":{"line":393,"column":10},"end":{"line":393,"column":23}},"195":{"start":{"line":395,"column":6},"end":{"line":395,"column":18}},"196":{"start":{"line":399,"column":4},"end":{"line":399,"column":60}},"197":{"start":{"line":400,"column":4},"end":{"line":400,"column":50}},"198":{"start":{"line":401,"column":4},"end":{"line":401,"column":77}},"199":{"start":{"line":402,"column":4},"end":{"line":402,"column":71}},"200":{"start":{"line":405,"column":4},"end":{"line":405,"column":30}},"201":{"start":{"line":406,"column":4},"end":{"line":406,"column":48}},"202":{"start":{"line":407,"column":4},"end":{"line":561,"column":5}},"203":{"start":{"line":408,"column":6},"end":{"line":408,"column":33}},"204":{"start":{"line":410,"column":6},"end":{"line":410,"column":64}},"205":{"start":{"line":411,"column":6},"end":{"line":411,"column":54}},"206":{"start":{"line":412,"column":6},"end":{"line":412,"column":66}},"207":{"start":{"line":413,"column":6},"end":{"line":413,"column":36}},"208":{"start":{"line":414,"column":6},"end":{"line":414,"column":40}},"209":{"start":{"line":415,"column":6},"end":{"line":415,"column":38}},"210":{"start":{"line":416,"column":6},"end":{"line":417,"column":60}},"211":{"start":{"line":417,"column":8},"end":{"line":417,"column":60}},"212":{"start":{"line":418,"column":6},"end":{"line":419,"column":64}},"213":{"start":{"line":419,"column":8},"end":{"line":419,"column":64}},"214":{"start":{"line":420,"column":6},"end":{"line":420,"column":57}},"215":{"start":{"line":421,"column":6},"end":{"line":429,"column":60}},"216":{"start":{"line":422,"column":8},"end":{"line":427,"column":36}},"217":{"start":{"line":423,"column":10},"end":{"line":424,"column":50}},"218":{"start":{"line":426,"column":10},"end":{"line":427,"column":36}},"219":{"start":{"line":429,"column":8},"end":{"line":429,"column":60}},"220":{"start":{"line":430,"column":6},"end":{"line":442,"column":7}},"221":{"start":{"line":431,"column":8},"end":{"line":431,"column":47}},"222":{"start":{"line":432,"column":8},"end":{"line":432,"column":64}},"223":{"start":{"line":433,"column":8},"end":{"line":433,"column":51}},"224":{"start":{"line":434,"column":8},"end":{"line":435,"column":49}},"225":{"start":{"line":435,"column":10},"end":{"line":435,"column":49}},"226":{"start":{"line":436,"column":8},"end":{"line":441,"column":44}},"227":{"start":{"line":437,"column":10},"end":{"line":438,"column":63}},"228":{"start":{"line":440,"column":10},"end":{"line":441,"column":44}},"229":{"start":{"line":443,"column":6},"end":{"line":443,"column":50}},"230":{"start":{"line":444,"column":6},"end":{"line":470,"column":7}},"231":{"start":{"line":446,"column":10},"end":{"line":447,"column":30}},"232":{"start":{"line":448,"column":10},"end":{"line":449,"column":47}},"233":{"start":{"line":450,"column":10},"end":{"line":450,"column":16}},"234":{"start":{"line":452,"column":10},"end":{"line":452,"column":33}},"235":{"start":{"line":453,"column":10},"end":{"line":453,"column":35}},"236":{"start":{"line":454,"column":10},"end":{"line":454,"column":74}},"237":{"start":{"line":455,"column":10},"end":{"line":455,"column":61}},"238":{"start":{"line":456,"column":10},"end":{"line":456,"column":106}},"239":{"start":{"line":457,"column":10},"end":{"line":457,"column":102}},"240":{"start":{"line":458,"column":10},"end":{"line":458,"column":16}},"241":{"start":{"line":460,"column":10},"end":{"line":460,"column":68}},"242":{"start":{"line":461,"column":10},"end":{"line":461,"column":62}},"243":{"start":{"line":462,"column":10},"end":{"line":462,"column":16}},"244":{"start":{"line":464,"column":10},"end":{"line":464,"column":79}},"245":{"start":{"line":465,"column":10},"end":{"line":465,"column":62}},"246":{"start":{"line":467,"column":10},"end":{"line":467,"column":94}},"247":{"start":{"line":468,"column":10},"end":{"line":468,"column":84}},"248":{"start":{"line":469,"column":10},"end":{"line":469,"column":16}},"249":{"start":{"line":472,"column":6},"end":{"line":497,"column":7}},"250":{"start":{"line":475,"column":8},"end":{"line":475,"column":41}},"251":{"start":{"line":476,"column":8},"end":{"line":476,"column":64}},"252":{"start":{"line":477,"column":8},"end":{"line":477,"column":47}},"253":{"start":{"line":478,"column":8},"end":{"line":478,"column":32}},"254":{"start":{"line":479,"column":8},"end":{"line":483,"column":9}},"255":{"start":{"line":481,"column":10},"end":{"line":481,"column":67}},"256":{"start":{"line":482,"column":10},"end":{"line":482,"column":29}},"257":{"start":{"line":484,"column":8},"end":{"line":496,"column":9}},"258":{"start":{"line":485,"column":10},"end":{"line":486,"column":34}},"259":{"start":{"line":487,"column":10},"end":{"line":488,"column":43}},"260":{"start":{"line":490,"column":10},"end":{"line":495,"column":11}},"261":{"start":{"line":491,"column":12},"end":{"line":491,"column":103}},"262":{"start":{"line":493,"column":12},"end":{"line":493,"column":102}},"263":{"start":{"line":494,"column":12},"end":{"line":494,"column":31}},"264":{"start":{"line":499,"column":6},"end":{"line":556,"column":7}},"265":{"start":{"line":500,"column":8},"end":{"line":500,"column":47}},"266":{"start":{"line":501,"column":8},"end":{"line":502,"column":49}},"267":{"start":{"line":502,"column":10},"end":{"line":502,"column":49}},"268":{"start":{"line":503,"column":8},"end":{"line":503,"column":64}},"269":{"start":{"line":504,"column":8},"end":{"line":505,"column":34}},"270":{"start":{"line":506,"column":8},"end":{"line":529,"column":9}},"271":{"start":{"line":507,"column":10},"end":{"line":522,"column":11}},"272":{"start":{"line":508,"column":12},"end":{"line":514,"column":68}},"273":{"start":{"line":509,"column":14},"end":{"line":511,"column":29}},"274":{"start":{"line":513,"column":14},"end":{"line":514,"column":68}},"275":{"start":{"line":516,"column":12},"end":{"line":521,"column":47}},"276":{"start":{"line":517,"column":14},"end":{"line":518,"column":66}},"277":{"start":{"line":520,"column":14},"end":{"line":521,"column":47}},"278":{"start":{"line":524,"column":10},"end":{"line":528,"column":71}},"279":{"start":{"line":525,"column":12},"end":{"line":526,"column":27}},"280":{"start":{"line":528,"column":12},"end":{"line":528,"column":71}},"281":{"start":{"line":530,"column":8},"end":{"line":555,"column":9}},"282":{"start":{"line":532,"column":10},"end":{"line":532,"column":43}},"283":{"start":{"line":533,"column":10},"end":{"line":533,"column":66}},"284":{"start":{"line":535,"column":10},"end":{"line":536,"column":36}},"285":{"start":{"line":537,"column":10},"end":{"line":538,"column":54}},"286":{"start":{"line":539,"column":10},"end":{"line":540,"column":77}},"287":{"start":{"line":540,"column":12},"end":{"line":540,"column":77}},"288":{"start":{"line":541
[...]
olumn":6},"end":{"line":147,"column":54}},"76":{"start":{"line":148,"column":6},"end":{"line":148,"column":55}},"77":{"start":{"line":149,"column":6},"end":{"line":149,"column":55}},"78":{"start":{"line":152,"column":6},"end":{"line":152,"column":50}},"79":{"start":{"line":153,"column":6},"end":{"line":153,"column":55}},"80":{"start":{"line":154,"column":6},"end":{"line":154,"column":53}},"81":{"start":{"line":155,"column":6},"end":{"line":156,"column":51}},"82":{"start":{"line":156,"column":8},"end":{"line":156,"column":51}},"83":{"start":{"line":158,"column":6},"end":{"line":158,"column":28}},"84":{"start":{"line":162,"column":4},"end":{"line":163,"column":38}},"85":{"start":{"line":163,"column":6},"end":{"line":163,"column":38}},"86":{"start":{"line":166,"column":4},"end":{"line":170,"column":7}},"87":{"start":{"line":173,"column":4},"end":{"line":173,"column":37}},"88":{"start":{"line":180,"column":4},"end":{"line":180,"column":39}},"89":{"start":{"line":181,"column":4},"end":{"line":181,"column":40}},"90":{"start":{"line":182,"column":4},"end":{"line":182,"column":41}},"91":{"start":{"line":185,"column":4},"end":{"line":185,"column":40}},"92":{"start":{"line":186,"column":4},"end":{"line":186,"column":28}},"93":{"start":{"line":188,"column":4},"end":{"line":194,"column":5}},"94":{"start":{"line":190,"column":6},"end":{"line":190,"column":52}},"95":{"start":{"line":191,"column":6},"end":{"line":191,"column":50}},"96":{"start":{"line":192,"column":6},"end":{"line":192,"column":58}},"97":{"start":{"line":193,"column":6},"end":{"line":193,"column":38}},"98":{"start":{"line":196,"column":4},"end":{"line":203,"column":5}},"99":{"start":{"line":198,"column":6},"end":{"line":198,"column":53}},"100":{"start":{"line":200,"column":6},"end":{"line":200,"column":65}},"101":{"start":{"line":202,"column":6},"end":{"line":202,"column":54}},"102":{"start":{"line":206,"column":4},"end":{"line":206,"column":36}},"103":{"start":{"line":207,"column":4},"end":{"line":207,"column":37}},"104":{"start":{"line":210,"column":4},"end":{"line":214,"column":7}},"105":{"start":{"line":217,"column":4},"end":{"line":217,"column":37}},"106":{"start":{"line":222,"column":4},"end":{"line":222,"column":37}},"107":{"start":{"line":223,"column":4},"end":{"line":223,"column":38}},"108":{"start":{"line":225,"column":4},"end":{"line":225,"column":69}},"109":{"start":{"line":227,"column":4},"end":{"line":231,"column":7}},"110":{"start":{"line":233,"column":4},"end":{"line":233,"column":36}},"111":{"start":{"line":235,"column":4},"end":{"line":235,"column":45}},"112":{"start":{"line":237,"column":4},"end":{"line":251,"column":6}},"113":{"start":{"line":239,"column":6},"end":{"line":239,"column":19}},"114":{"start":{"line":240,"column":6},"end":{"line":244,"column":11}},"115":{"start":{"line":241,"column":8},"end":{"line":244,"column":11}},"116":{"start":{"line":246,"column":6},"end":{"line":250,"column":9}},"117":{"start":{"line":253,"column":4},"end":{"line":262,"column":5}},"118":{"start":{"line":255,"column":6},"end":{"line":255,"column":42}},"119":{"start":{"line":257,"column":6},"end":{"line":257,"column":23}},"120":{"start":{"line":258,"column":6},"end":{"line":259,"column":44}},"121":{"start":{"line":259,"column":8},"end":{"line":259,"column":44}},"122":{"start":{"line":261,"column":6},"end":{"line":261,"column":21}},"123":{"start":{"line":267,"column":0},"end":{"line":270,"column":1}},"124":{"start":{"line":268,"column":2},"end":{"line":268,"column":52}},"125":{"start":{"line":269,"column":2},"end":{"line":269,"column":74}},"126":{"start":{"line":273,"column":0},"end":{"line":273,"column":39}},"127":{"start":{"line":273,"column":12},"end":{"line":273,"column":39}}},"branchMap":{"1":{"line":17,"type":"if","locations":[{"start":{"line":17,"column":4},"end":{"line":17,"column":4}},{"start":{"line":17,"column":4},"end":{"line":17,"column":4}}]},"2":{"line":55,"type":"if","locations":[{"start":{"line":55,"column":4},"end":{"line":55,"column":4}},{"start":{"line":55,"column":4},"end":{"line":55,"column":4}}]},"3":{"line":66,"type":"if","locations":[{"start":{"line":66,"column":4},"end":{"line":66,"column":4}},{"start":{"line":66,"column":4},"end":{"line":66,"column":4}}]},"4":{"line":68,"type":"if","locations":[{"start":{"line":68,"column":6},"end":{"line":68,"column":6}},{"start":{"line":68,"column":6},"end":{"line":68,"column":6}}]},"5":{"line":70,"type":"if","locations":[{"start":{"line":70,"column":6},"end":{"line":70,"column":6}},{"start":{"line":70,"column":6},"end":{"line":70,"column":6}}]},"6":{"line":72,"type":"if","locations":[{"start":{"line":72,"column":6},"end":{"line":72,"column":6}},{"start":{"line":72,"column":6},"end":{"line":72,"column":6}}]},"7":{"line":74,"type":"if","locations":[{"start":{"line":74,"column":6},"end":{"line":74,"column":6}},{"start":{"line":74,"column":6},"end":{"line":74,"column":6}}]},"8":{"line":76,"type":"if","locations":[{"start":{"line":76,"column":6},"end":{"line":76,"column":6}},{"start":{"line":76,"column":6},"end":{"line":76,"column":6}}]},"9":{"line":118,"type":"if","locations":[{"start":{"line":118,"column":6},"end":{"line":118,"column":6}},{"start":{"line":118,"column":6},"end":{"line":118,"column":6}}]},"10":{"line":132,"type":"if","locations":[{"start":{"line":132,"column":6},"end":{"line":132,"column":6}},{"start":{"line":132,"column":6},"end":{"line":132,"column":6}}]},"11":{"line":136,"type":"if","locations":[{"start":{"line":136,"column":6},"end":{"line":136,"column":6}},{"start":{"line":136,"column":6},"end":{"line":136,"column":6}}]},"12":{"line":140,"type":"if","locations":[{"start":{"line":140,"column":6},"end":{"line":140,"column":6}},{"start":{"line":140,"column":6},"end":{"line":140,"column":6}}]},"13":{"line":155,"type":"if","locations":[{"start":{"line":155,"column":6},"end":{"line":155,"column":6}},{"start":{"line":155,"column":6},"end":{"line":155,"column":6}}]},"14":{"line":162,"type":"if","locations":[{"start":{"line":162,"column":4},"end":{"line":162,"column":4}},{"start":{"line":162,"column":4},"end":{"line":162,"column":4}}]},"15":{"line":237,"type":"binary-expr","locations":[{"start":{"line":237,"column":18},"end":{"line":237,"column":29}},{"start":{"line":237,"column":33},"end":{"line":251,"column":5}}]},"16":{"line":253,"type":"binary-expr","locations":[{"start":{"line":253,"column":17},"end":{"line":253,"column":27}},{"start":{"line":253,"column":31},"end":{"line":262,"column":5}}]},"17":{"line":259,"type":"cond-expr","locations":[{"start":{"line":259,"column":38},"end":{"line":259,"column":39}},{"start":{"line":259,"column":42},"end":{"line":259,"column":43}}]},"18":{"line":273,"type":"if","locations":[{"start":{"line":273,"column":0},"end":{"line":273,"column":0}},{"start":{"line":273,"column":0},"end":{"line":273,"column":0}}]}},"code":["// import","var Layer   = require('./layer')",",   Network = require('./network')",",   Trainer = require('./trainer')","","/*******************************************************************************************","                                        ARCHITECT","*******************************************************************************************/","","// Collection of useful built-in architectures","var Architect = {","","  // Multilayer Perceptron","  Perceptron: function Perceptron() {","","    var args = Array.prototype.slice.call(arguments); // convert arguments to Array","    if (args.length < 3)","      throw new Error(\"not enough layers (minimum 3) !!\");","","    var inputs = args.shift(); // first argument","    var outputs = args.pop(); // last argument","    var layers = args; // all the arguments in the middle","","    var input = new Layer(inputs);","    var hidden = [];","    var output = new Layer(outputs);","","    var previous = input;","","    // generate hidden layers","    for (var level in layers) {","      var size = layers[level];","      var layer = new Layer(size);","      hidden.push(layer);","      previous.project(layer);","      previous = layer;","    }","    previous.project(output);","","    // set layers of the neural network","    this.set({","      input: input,","      hidden: hidden,","      output: output","    });","","    // trainer for the network","    this.trainer = new Trainer(this);","  },","","  // Multilayer Long Short-Term Memory","  LSTM: function LSTM() {","","    var args = Array.prototype.slice.call(arguments); // convert arguments to array","    if (args.length < 3)","      throw new Error(\"not enough layers (minimum 3) !!\");","","    var last = args.pop();","    var option = {","      peepholes: Layer.connectionType.ALL_TO_ALL,","      hiddenToHidden: false,","      outputToHidden: false,","      outputToGates: false,","      inputToOutput: true,","    };","    if (typeof last != 'number') {","      var outputs = args.pop();","      if (last.hasOwnProperty('peepholes'))","        option.peepholes = last.peepholes;","      if (last.hasOwnProperty('hiddenToHidden'))","        option.hiddenToHidden = last.hiddenToHidden;","      if (last.hasOwnProperty('outputToHidden'))","        option.outputToHidden = last.outputToHidden;","      if (last.hasOwnProperty('outputToGates'))","        option.outputToGates = last.outputToGates;","      if (last.hasOwnProperty('inputToOutput'))","        option.inputToOutput = last.inputToOutput;","    } else","      var outputs = last;","","    var inputs = args.shift();","    var layers = args;","","    var inputLayer = new Layer(inputs);","    var hiddenLayers = [];","    var outputLayer = new Layer(outputs);","","    var previous = null;","","    // generate layers","    for (var layer in layers) {","      // generate memory blocks (memory cell and respective gates)","      var size = layers[layer];","","      var inputGate = new Layer(size).set({","        bias: 1","      });","      var forgetGate = new Layer(size).set({","        bias: 1","      });","      var memoryCell = new Layer(size);","      var outputGate = new Layer(size).set({","        bias: 1","      });","","      hiddenLayers.push(inputGate);","      hiddenLayers.push(forgetGate);","      hiddenLayers.push(memoryCell);","      hiddenLayers.push(outputGate);","","      // connections from input layer","      var input = inputLayer.project(memoryCell);","      inputLayer.project(inputGate);","      inputLayer.project(forgetGate);","      inputLayer.project(outputGate);","","      // connections from previous memory-block layer to this one","      if (previous != null) {","        var cell = previous.project(memoryCell);","        previous.project(inputGate);","        previous.project(forgetGate);","        previous.project(outputGate);","      }","","      // connections from memory cell","      var output = memoryCell.project(outputLayer);","","      // self-connection","      var self = memoryCell.project(memoryCell);","","      // hidden to hidden recurrent connection","      if (option.hiddenToHidden)","        memoryCell.project(memoryCell, Layer.connectionType.ALL_TO_ELSE);","","      // out to hidden recurrent connection","      if (option.outputToHidden)","        outputLayer.project(memoryCell);","","      // out to gates recurrent connection","      if (option.outputToGates) {","        outputLayer.project(inputGate);","        outputLayer.project(outputGate);","        outputLayer.project(forgetGate);","      }","","      // peepholes","      memoryCell.project(inputGate, option.peepholes);","      memoryCell.project(forgetGate, option.peepholes);","      memoryCell.project(outputGate, option.peepholes);","","      // gates","      inputGate.gate(input, Layer.gateType.INPUT);","      forgetGate.gate(self, Layer.gateType.ONE_TO_ONE);","      outputGate.gate(output, Layer.gateType.OUTPUT);","      if (previous != null)","        inputGate.gate(cell, Layer.gateType.INPUT);","","      previous = memoryCell;","    }","","    // input to output direct connection","    if (option.inputToOutput)","      inputLayer.project(outputLayer);","","    // set the layers of the neural network","    this.set({","      input: inputLayer,","      hidden: hiddenLayers,","      output: outputLayer","    });","","    // trainer","    this.trainer = new Trainer(this);","  },","","  // Liquid State Machine","  Liquid: function Liquid(inputs, hidden, outputs, connections, gates) {","","    // create layers","    var inputLayer = new Layer(inputs);","    var hiddenLayer = new Layer(hidden);","    var outputLayer = new Layer(outputs);","","    // make connections and gates randomly among the neurons","    var neurons = hiddenLayer.neurons();","    var connectionList = [];","","    for (var i = 0; i < connections; i++) {","      // connect two random neurons","      var from = Math.random() * neurons.length | 0;","      var to = Math.random() * neurons.length | 0;","      var connection = neurons[from].project(neurons[to]);","      connectionList.push(connection);","    }","","    for (var j = 0; j < gates; j++) {","      // pick a random gater neuron","      var gater = Math.random() * neurons.length | 0;","      // pick a random connection to gate","      var connection = Math.random() * connectionList.length | 0;","      // let the gater gate the connection","      neurons[gater].gate(connectionList[connection]);","    }","","    // connect the layers","    inputLayer.project(hiddenLayer);","    hiddenLayer.project(outputLayer);","","    // set the layers of the network","    this.set({","      input: inputLayer,","      hidden: [hiddenLayer],","      output: outputLayer","    });","","    // trainer","    this.trainer = new Trainer(this);","  },","","  Hopfield: function Hopfield(size) {","","    var inputLayer = new Layer(size);","    var outputLayer = new Layer(size);","","    inputLayer.project(outputLayer, Layer.connectionType.ALL_TO_ALL);","","    this.set({","      input: inputLayer,","      hidden: [],","      output: outputLayer","    });","","    var trainer = new Trainer(this);","","    var proto = Architect.Hopfield.prototype;","","    proto.learn = proto.learn || function(patterns)","    {","      var set = [];","      for (var p in patterns)","        set.push({","          input: patterns[p],","          output: patterns[p]","        });","","      return trainer.train(set, {","        iterations: 500000,","        error: .00005,","        rate: 1","      });","    };","","    proto.feed = proto.feed || function(pattern)","    {","      var output = this.activate(pattern);","","      var pattern = [];","      for (var i in output)","        pattern[i] = output[i] > .5 ? 1 : 0;","","      return pattern;","    }","  }","}","","// Extend prototype chain (so every architectures is an instance of Network)","for (var architecture in Architect) {","  Architect[architecture].prototype = new Network();","  Architect[architecture].prototype.constructor = Architect[architecture];","}","","// export","if (module) module.exports = Architect;"],"l":{"2":1,"11":1,"16":0,"17":0,"18":0,"20":0,"21":0,"22":0,"24":0,"25":0,"26":0,"28":0,"31":0,"32":0,"33":0,"34":0,"35":0,"36":0,"38":0,"41":0,"48":0,"54":0,"55":0,"56":0,"58":0,"59":0,"66":0,"67":0,"68":0,"69":0,"70":0,"71":0,"72":0,"73":0,"74":0,"75":0,"76":0,"77":0,"79":0,"81":0,"82":0,"84":0,"85":0,"86":0,"88":0,"91":0,"93":0,"95":0,"98":0,"101":0,"102":0,"106":0,"107":0,"108":0,"109":0,"112":0,"113":0,"114":0,"115":0,"118":0,"119":0,"120":0,"121":0,"122":0,"126":0,"129":0,"132":0,"133":0,"136":0,"137":0,"140":0,"141":0,"142":0,"143":0,"147":0,"148":0,"149":0,"152":0,"153":0,"154":0,"155":0,"156":0,"158":0,"162":0,"163":0,"166":0,"173":0,"180":0,"181":0,"182":0,"185":0,"186":0,"188":0,"190":0,"191":0,"192":0,"193":0,"196":0,"198":0,"200":0,"202":0,"206":0,"207":0,"210":0,"217":0,"222":0,"223":0,"225":0,"227":0,"233":0,"235":0,"237":0,"239":0,"240":0,"241":0,"246":0,"253":0,"255":0,"257":0,"258":0,"259":0,"261":0,"267":1,"268":4,"269":4,"273":1}},"/home/travis/build/npmtest/node-npmtest-synaptic/node_modules/synaptic/karma.conf.js":{"path":"/home/travis/build/npmtest/node-npmtest-synaptic/node_modules/synaptic/karma.conf.js","s":{"1":1,"2":0},"b":{},"f":{"1":0},"fnMap":{"1":{"name":"(anonymous_1)","line":3,"loc":{"start":{"line":3,"column":17},"end":{"line":3,"column":34}}}},"statementMap":{"1":{"start":{"line":3,"column":0},"end":{"line":25,"column":1}},"2":{"start":{"line":4,"column":2},"end":{"line":24,"column":4}}},"branchMap":{},"code":["// Karma configuration","","module.exports = function(config) {","  config.set({","    basePath: '',","    frameworks: ['mocha'],","    files: [","      'dist/synaptic.js',","      'test/[^_]*.js'","    ],","    exclude: [","    ],","    preprocessors: {","      'test/*.js': ['webpack'],","    },","    reporters: ['progress'],","    port: 9876,","    colors: true,","    logLevel: config.LOG_INFO,","    autoWatch: true,","    singleRun: false,","    concurrency: Infinity,","    browserNoActivityTimeout: 60000,","  })","}",""],"l":{"3":1,"4":0}},"/home/travis/build/npmtest/node-npmtest-synaptic/node_modules/synaptic/prebuild.js":{"path":"/home/travis/build/npmtest/node-npmtest-synaptic/node_modules/synaptic/prebuild.js","s":{"1":1,"2":1,"3":0,"4":0,"5":0,"6":0,"7":0,"8":0,"9":0,"10":0,"11":0},"b":{},"f":{"1":0},"fnMap":{"1":{"name":"(anonymous_1)","line":3,"loc":{"start":{"line":3,"column":17},"end":{"line":3,"column":28}}}},"statementMap":{"1":{"start":{"line":2,"column":0},"end":{"line":2,"column":22}},"2":{"start":{"line":3,"column":0},"end":{"line":21,"column":1}},"3":{"start":{"line":4,"column":2},"end":{"line":4,"column":37}},"4":{"start":{"line":5,"column":2},"end":{"line":5,"column":49}},"5":{"start":{"line":7,"column":2},"end":{"line":9,"column":58}},"6":{"start":{"line":10,"column":2},"end":{"line":10,"column":38}},"7":{"start":{"line":12,"column":2},"end":{"line":13,"column":64}},"8":{"start":{"line":14,"column":2},"end":{"line":14,"column":39}},"9":{"start":{"line":16,"column":2},"end":{"line":17,"column":98}},"10":{"start":{"line":18,"column":2},"end":{"line":18,"column":39}},"11":{"start":{"line":20,"column":2},"end":{"line":20,"column":16}}},"branchMap":{},"code":["// update license year and version","var fs = require('fs')","module.exports = function() {","  var year = (new Date).getFullYear()","  var version = require('./package.json').version","  // LICENSE","  var license = fs.readFileSync('LICENSE', 'utf-8')","  .replace(/\\(c\\) ([0-9]+)/, `(c) ${year}`)","  .replace(/SYNAPTIC \\(v(.*)\\)/, `SYNAPTIC (v${version})`)","  fs.writeFileSync('LICENSE', license)","  // bower.json","  var bower = fs.readFileSync('bower.json', 'utf-8')","  .replace(/\\\"version\\\": \\\"(.*)\\\",/, `\"version\": \"${version}\",`)","  fs.writeFileSync('bower.json', bower)","  // README.md","  var readme = fs.readFileSync('README.md', 'utf-8')","  .replace(/ajax\\/libs\\/synaptic\\/(.*)\\/synaptic.js/, `ajax/libs/synaptic/${version}/synaptic.js`)","  fs.writeFileSync('README.md', readme)","  // return license for dist banner","  return license","}",""],"l":{"2":1,"3":1,"4":0,"5":0,"7":0,"10":0,"12":0,"14":0,"16":0,"18":0,"20":0}},"/home/travis/build/npmtest/node-npmtest-synaptic/node_modules/synaptic/webpack.config.js":{"path":"/home/travis/build/npmtest/node-npmtest-synaptic/node_modules/synaptic/webpack.config.js","s":{"1":2,"2":0,"3":0},"b":{},"f":{},"fnMap":{},"statementMap":{"1":{"start":{"line":1,"column":0},"end":{"line":1,"column":32}},"2":{"start":{"line":2,"column":0},"end":{"line":2,"column":38}},"3":{"start":{"line":3,"column":0},"end":{"line":17,"column":1}}},"branchMap":{},"code":["var webpack = require('webpack')","var license = require('./prebuild.js')","module.exports = {","  context: __dirname,","  entry: {","    synaptic: './src/synaptic.js',","    'synaptic.min': './src/synaptic.js'","  },","  output: {","    path: 'dist',","    filename: '[name].js',","  },","  plugins: [","    new webpack.NoErrorsPlugin(),","    new webpack.BannerPlugin(license())","  ]","}",""],"l":{"1":2,"2":0,"3":0}}}